#
# A fatal error has been detected by the Java Runtime Environment:
#
#  Internal Error (t:/workspace/open/src/hotspot/share/interpreter/oopMapCache.cpp:110), pid=5292, tid=4844
#  Error: ShouldNotReachHere()
#
# JRE version: Java(TM) SE Runtime Environment (13.0.1+9) (build 13.0.1+9)
# Java VM: Java HotSpot(TM) 64-Bit Server VM (13.0.1+9, mixed mode, sharing, tiered, compressed oops, g1 gc, windows-amd64)
# No core dump will be written. Minidumps are not enabled by default on client versions of Windows
#
# If you would like to submit a bug report, please visit:
#   http://bugreport.java.com/bugreport/crash.jsp
#

---------------  S U M M A R Y ------------

Command Line: -agentlib:jdwp=transport=dt_socket,suspend=y,address=localhost:62563 -javaagent:C:\Users\Admin\eclipse\java-2019-09\eclipse\configuration\org.eclipse.osgi\229\0\.cp\lib\javaagent-shaded.jar -Dfile.encoding=UTF-8 wedDriver.Orange_Myinfo

Host: Intel(R) Core(TM) i5-7200U CPU @ 2.50GHz, 4 cores, 7G,  Windows 10 , 64 bit Build 18362 (10.0.18362.329)
Time: Wed Jan  1 18:37:12 2020 India Standard Time elapsed time: 2511 seconds (0d 0h 41m 51s)

---------------  T H R E A D  ---------------

Current thread (0x00000246c1157800):  JavaThread "JDWP Transport Listener: dt_socket" daemon [_thread_in_vm, id=4844, stack(0x000000d751900000,0x000000d751a00000)] _threads_hazard_ptr=0x00000246c1329450

Stack: [0x000000d751900000,0x000000d751a00000]
Native frames: (J=compiled Java code, j=interpreted, Vv=VM code, C=native code)
V  [jvm.dll+0x626eca]
V  [jvm.dll+0x772c6a]
V  [jvm.dll+0x77441f]
V  [jvm.dll+0x7749d7]
V  [jvm.dll+0x24d9dc]
V  [jvm.dll+0x24d943]
V  [jvm.dll+0x6160cf]
V  [jvm.dll+0x615e2d]
V  [jvm.dll+0x5df993]
V  [jvm.dll+0x76a37f]
V  [jvm.dll+0x4f8226]
V  [jvm.dll+0x77963d]
V  [jvm.dll+0x4de13b]
V  [jvm.dll+0x4a2ee0]
C  [jdwp.dll+0x7e65]


---------------  P R O C E S S  ---------------

Threads class SMR info:
_java_thread_list=0x00000246c1329450, length=17, elements={
0x00000246a214b800, 0x00000246c0658000, 0x00000246c065c000, 0x00000246c0666800,
0x00000246c0676800, 0x00000246c0678800, 0x00000246c0fe6000, 0x00000246c0ffd000,
0x00000246c10a4800, 0x00000246c1157800, 0x00000246c1159000, 0x00000246c1144800,
0x00000246c125f000, 0x00000246c1bba000, 0x00000246c1bce800, 0x00000246c1b62800,
0x00000246c1ddb800
}

Java Threads: ( => current thread )
  0x00000246a214b800 JavaThread "main" [_thread_blocked, id=5352, stack(0x000000d750a00000,0x000000d750b00000)]
  0x00000246c0658000 JavaThread "Reference Handler" daemon [_thread_blocked, id=7136, stack(0x000000d751100000,0x000000d751200000)]
  0x00000246c065c000 JavaThread "Finalizer" daemon [_thread_blocked, id=13308, stack(0x000000d751200000,0x000000d751300000)]
  0x00000246c0666800 JavaThread "Signal Dispatcher" daemon [_thread_blocked, id=7804, stack(0x000000d751300000,0x000000d751400000)]
  0x00000246c0676800 JavaThread "Attach Listener" daemon [_thread_blocked, id=1084, stack(0x000000d751400000,0x000000d751500000)]
  0x00000246c0678800 JavaThread "C2 CompilerThread0" daemon [_thread_blocked, id=9236, stack(0x000000d751500000,0x000000d751600000)]
  0x00000246c0fe6000 JavaThread "C1 CompilerThread0" daemon [_thread_blocked, id=11608, stack(0x000000d751600000,0x000000d751700000)]
  0x00000246c0ffd000 JavaThread "Sweeper thread" daemon [_thread_blocked, id=11356, stack(0x000000d751700000,0x000000d751800000)]
  0x00000246c10a4800 JavaThread "Common-Cleaner" daemon [_thread_blocked, id=9380, stack(0x000000d751800000,0x000000d751900000)]
=>0x00000246c1157800 JavaThread "JDWP Transport Listener: dt_socket" daemon [_thread_in_vm, id=4844, stack(0x000000d751900000,0x000000d751a00000)] _threads_hazard_ptr=0x00000246c1329450
  0x00000246c1159000 JavaThread "JDWP Event Helper Thread" daemon [_thread_blocked, id=13728, stack(0x000000d751a00000,0x000000d751b00000)]
  0x00000246c1144800 JavaThread "JDWP Command Reader" daemon [_thread_in_native, id=13860, stack(0x000000d751b00000,0x000000d751c00000)]
  0x00000246c125f000 JavaThread "Service Thread" daemon [_thread_blocked, id=9256, stack(0x000000d751d00000,0x000000d751e00000)]
  0x00000246c1bba000 JavaThread "Exec Default Executor" daemon [_thread_in_native, id=12304, stack(0x000000d751c00000,0x000000d751d00000)]
  0x00000246c1bce800 JavaThread "Exec Stream Pumper" daemon [_thread_in_native, id=14120, stack(0x000000d752400000,0x000000d752500000)]
  0x00000246c1b62800 JavaThread "Exec Stream Pumper" daemon [_thread_in_native, id=13996, stack(0x000000d752500000,0x000000d752600000)]
  0x00000246c1ddb800 JavaThread "Okio Watchdog" daemon [_thread_blocked, id=1396, stack(0x000000d752a00000,0x000000d752b00000)]

Other Threads:
  0x00000246c0653800 VMThread "VM Thread" [stack: 0x000000d751000000,0x000000d751100000] [id=10540]
  0x00000246c12e6000 WatcherThread [stack: 0x000000d751e00000,0x000000d751f00000] [id=1248]
  0x00000246a218f800 GCTaskThread "GC Thread#0" [stack: 0x000000d750b00000,0x000000d750c00000] [id=10276]
  0x00000246c1c05800 GCTaskThread "GC Thread#1" [stack: 0x000000d752000000,0x000000d752100000] [id=7396]
  0x00000246c1c06800 GCTaskThread "GC Thread#2" [stack: 0x000000d752100000,0x000000d752200000] [id=3132]
  0x00000246a21a2000 ConcurrentGCThread "G1 Main Marker" [stack: 0x000000d750c00000,0x000000d750d00000] [id=11880]
  0x00000246a21a4000 ConcurrentGCThread "G1 Conc#0" [stack: 0x000000d750d00000,0x000000d750e00000] [id=9424]
  0x00000246c04d0800 ConcurrentGCThread "G1 Refine#0" [stack: 0x000000d750e00000,0x000000d750f00000] [id=2388]
  0x00000246c1283000 ConcurrentGCThread "G1 Refine#1" [stack: 0x000000d752200000,0x000000d752300000] [id=13596]
  0x00000246c04d2000 ConcurrentGCThread "G1 Young RemSet Sampling" [stack: 0x000000d750f00000,0x000000d751000000] [id=6064]

Threads with active compile tasks:

VM state:not at safepoint (normal execution)

VM Mutex/Monitor currently owned by a thread: None

Heap address: 0x0000000081800000, size: 2024 MB, Compressed Oops mode: 32-bit
Narrow klass base: 0x0000000800000000, Narrow klass shift: 3
Compressed class space size: 1073741824 Address: 0x0000000800b40000

Heap:
 garbage-first heap   total 131072K, used 22010K [0x0000000081800000, 0x0000000100000000)
  region size 1024K, 18 young (18432K), 1 survivors (1024K)
 Metaspace       used 10726K, capacity 11239K, committed 11520K, reserved 1058816K
  class space    used 1281K, capacity 1468K, committed 1536K, reserved 1048576K
Heap Regions: E=young(eden), S=young(survivor), O=old, HS=humongous(starts), HC=humongous(continues), CS=collection set, F=free, A=archive, TAMS=top-at-mark-start (previous, next)
|   0|0x0000000081800000, 0x0000000081900000, 0x0000000081900000|100%|HS|  |TAMS 0x0000000081800000, 0x0000000081800000| Complete 
|   1|0x0000000081900000, 0x0000000081a00000, 0x0000000081a00000|100%| O|  |TAMS 0x0000000081900000, 0x0000000081900000| Untracked 
|   2|0x0000000081a00000, 0x0000000081b00000, 0x0000000081b00000|100%| O|  |TAMS 0x0000000081a00000, 0x0000000081a00000| Untracked 
|   3|0x0000000081b00000, 0x0000000081c00000, 0x0000000081c00000|100%| O|  |TAMS 0x0000000081b00000, 0x0000000081b00000| Untracked 
|   4|0x0000000081c00000, 0x0000000081d00000, 0x0000000081d00000|100%| O|  |TAMS 0x0000000081c00000, 0x0000000081c00000| Untracked 
|   5|0x0000000081d00000, 0x0000000081d1b400, 0x0000000081e00000| 10%| O|  |TAMS 0x0000000081d00000, 0x0000000081d00000| Untracked 
|   6|0x0000000081e00000, 0x0000000081e00000, 0x0000000081f00000|  0%| F|  |TAMS 0x0000000081e00000, 0x0000000081e00000| Untracked 
|   7|0x0000000081f00000, 0x0000000081f00000, 0x0000000082000000|  0%| F|  |TAMS 0x0000000081f00000, 0x0000000081f00000| Untracked 
|   8|0x0000000082000000, 0x0000000082000000, 0x0000000082100000|  0%| F|  |TAMS 0x0000000082000000, 0x0000000082000000| Untracked 
|   9|0x0000000082100000, 0x0000000082100000, 0x0000000082200000|  0%| F|  |TAMS 0x0000000082100000, 0x0000000082100000| Untracked 
|  10|0x0000000082200000, 0x0000000082200000, 0x0000000082300000|  0%| F|  |TAMS 0x0000000082200000, 0x0000000082200000| Untracked 
|  11|0x0000000082300000, 0x0000000082300000, 0x0000000082400000|  0%| F|  |TAMS 0x0000000082300000, 0x0000000082300000| Untracked 
|  12|0x0000000082400000, 0x0000000082400000, 0x0000000082500000|  0%| F|  |TAMS 0x0000000082400000, 0x0000000082400000| Untracked 
|  13|0x0000000082500000, 0x0000000082500000, 0x0000000082600000|  0%| F|  |TAMS 0x0000000082500000, 0x0000000082500000| Untracked 
|  14|0x0000000082600000, 0x0000000082600000, 0x0000000082700000|  0%| F|  |TAMS 0x0000000082600000, 0x0000000082600000| Untracked 
|  15|0x0000000082700000, 0x0000000082700000, 0x0000000082800000|  0%| F|  |TAMS 0x0000000082700000, 0x0000000082700000| Untracked 
|  16|0x0000000082800000, 0x0000000082800000, 0x0000000082900000|  0%| F|  |TAMS 0x0000000082800000, 0x0000000082800000| Untracked 
|  17|0x0000000082900000, 0x0000000082900000, 0x0000000082a00000|  0%| F|  |TAMS 0x0000000082900000, 0x0000000082900000| Untracked 
|  18|0x0000000082a00000, 0x0000000082a00000, 0x0000000082b00000|  0%| F|  |TAMS 0x0000000082a00000, 0x0000000082a00000| Untracked 
|  19|0x0000000082b00000, 0x0000000082b00000, 0x0000000082c00000|  0%| F|  |TAMS 0x0000000082b00000, 0x0000000082b00000| Untracked 
|  20|0x0000000082c00000, 0x0000000082c00000, 0x0000000082d00000|  0%| F|  |TAMS 0x0000000082c00000, 0x0000000082c00000| Untracked 
|  21|0x0000000082d00000, 0x0000000082d00000, 0x0000000082e00000|  0%| F|  |TAMS 0x0000000082d00000, 0x0000000082d00000| Untracked 
|  22|0x0000000082e00000, 0x0000000082e00000, 0x0000000082f00000|  0%| F|  |TAMS 0x0000000082e00000, 0x0000000082e00000| Untracked 
|  23|0x0000000082f00000, 0x0000000082f00000, 0x0000000083000000|  0%| F|  |TAMS 0x0000000082f00000, 0x0000000082f00000| Untracked 
|  24|0x0000000083000000, 0x0000000083000000, 0x0000000083100000|  0%| F|  |TAMS 0x0000000083000000, 0x0000000083000000| Untracked 
|  25|0x0000000083100000, 0x0000000083100000, 0x0000000083200000|  0%| F|  |TAMS 0x0000000083100000, 0x0000000083100000| Untracked 
|  26|0x0000000083200000, 0x0000000083200000, 0x0000000083300000|  0%| F|  |TAMS 0x0000000083200000, 0x0000000083200000| Untracked 
|  27|0x0000000083300000, 0x0000000083300000, 0x0000000083400000|  0%| F|  |TAMS 0x0000000083300000, 0x0000000083300000| Untracked 
|  28|0x0000000083400000, 0x0000000083400000, 0x0000000083500000|  0%| F|  |TAMS 0x0000000083400000, 0x0000000083400000| Untracked 
|  29|0x0000000083500000, 0x0000000083500000, 0x0000000083600000|  0%| F|  |TAMS 0x0000000083500000, 0x0000000083500000| Untracked 
|  30|0x0000000083600000, 0x0000000083600000, 0x0000000083700000|  0%| F|  |TAMS 0x0000000083600000, 0x0000000083600000| Untracked 
|  31|0x0000000083700000, 0x0000000083700000, 0x0000000083800000|  0%| F|  |TAMS 0x0000000083700000, 0x0000000083700000| Untracked 
|  32|0x0000000083800000, 0x0000000083800000, 0x0000000083900000|  0%| F|  |TAMS 0x0000000083800000, 0x0000000083800000| Untracked 
|  33|0x0000000083900000, 0x0000000083900000, 0x0000000083a00000|  0%| F|  |TAMS 0x0000000083900000, 0x0000000083900000| Untracked 
|  34|0x0000000083a00000, 0x0000000083a00000, 0x0000000083b00000|  0%| F|  |TAMS 0x0000000083a00000, 0x0000000083a00000| Untracked 
|  35|0x0000000083b00000, 0x0000000083b00000, 0x0000000083c00000|  0%| F|  |TAMS 0x0000000083b00000, 0x0000000083b00000| Untracked 
|  36|0x0000000083c00000, 0x0000000083c00000, 0x0000000083d00000|  0%| F|  |TAMS 0x0000000083c00000, 0x0000000083c00000| Untracked 
|  37|0x0000000083d00000, 0x0000000083d00000, 0x0000000083e00000|  0%| F|  |TAMS 0x0000000083d00000, 0x0000000083d00000| Untracked 
|  38|0x0000000083e00000, 0x0000000083e00000, 0x0000000083f00000|  0%| F|  |TAMS 0x0000000083e00000, 0x0000000083e00000| Untracked 
|  39|0x0000000083f00000, 0x0000000083f00000, 0x0000000084000000|  0%| F|  |TAMS 0x0000000083f00000, 0x0000000083f00000| Untracked 
|  40|0x0000000084000000, 0x0000000084000000, 0x0000000084100000|  0%| F|  |TAMS 0x0000000084000000, 0x0000000084000000| Untracked 
|  41|0x0000000084100000, 0x0000000084100000, 0x0000000084200000|  0%| F|  |TAMS 0x0000000084100000, 0x0000000084100000| Untracked 
|  42|0x0000000084200000, 0x0000000084200000, 0x0000000084300000|  0%| F|  |TAMS 0x0000000084200000, 0x0000000084200000| Untracked 
|  43|0x0000000084300000, 0x0000000084300000, 0x0000000084400000|  0%| F|  |TAMS 0x0000000084300000, 0x0000000084300000| Untracked 
|  44|0x0000000084400000, 0x0000000084400000, 0x0000000084500000|  0%| F|  |TAMS 0x0000000084400000, 0x0000000084400000| Untracked 
|  45|0x0000000084500000, 0x0000000084500000, 0x0000000084600000|  0%| F|  |TAMS 0x0000000084500000, 0x0000000084500000| Untracked 
|  46|0x0000000084600000, 0x0000000084600000, 0x0000000084700000|  0%| F|  |TAMS 0x0000000084600000, 0x0000000084600000| Untracked 
|  47|0x0000000084700000, 0x0000000084700000, 0x0000000084800000|  0%| F|  |TAMS 0x0000000084700000, 0x0000000084700000| Untracked 
|  48|0x0000000084800000, 0x0000000084800000, 0x0000000084900000|  0%| F|  |TAMS 0x0000000084800000, 0x0000000084800000| Untracked 
|  49|0x0000000084900000, 0x0000000084900000, 0x0000000084a00000|  0%| F|  |TAMS 0x0000000084900000, 0x0000000084900000| Untracked 
|  50|0x0000000084a00000, 0x0000000084a00000, 0x0000000084b00000|  0%| F|  |TAMS 0x0000000084a00000, 0x0000000084a00000| Untracked 
|  51|0x0000000084b00000, 0x0000000084b00000, 0x0000000084c00000|  0%| F|  |TAMS 0x0000000084b00000, 0x0000000084b00000| Untracked 
|  52|0x0000000084c00000, 0x0000000084c00000, 0x0000000084d00000|  0%| F|  |TAMS 0x0000000084c00000, 0x0000000084c00000| Untracked 
|  53|0x0000000084d00000, 0x0000000084d00000, 0x0000000084e00000|  0%| F|  |TAMS 0x0000000084d00000, 0x0000000084d00000| Untracked 
|  54|0x0000000084e00000, 0x0000000084e00000, 0x0000000084f00000|  0%| F|  |TAMS 0x0000000084e00000, 0x0000000084e00000| Untracked 
|  55|0x0000000084f00000, 0x0000000084f00000, 0x0000000085000000|  0%| F|  |TAMS 0x0000000084f00000, 0x0000000084f00000| Untracked 
|  56|0x0000000085000000, 0x0000000085000000, 0x0000000085100000|  0%| F|  |TAMS 0x0000000085000000, 0x0000000085000000| Untracked 
|  57|0x0000000085100000, 0x0000000085100000, 0x0000000085200000|  0%| F|  |TAMS 0x0000000085100000, 0x0000000085100000| Untracked 
|  58|0x0000000085200000, 0x0000000085200000, 0x0000000085300000|  0%| F|  |TAMS 0x0000000085200000, 0x0000000085200000| Untracked 
|  59|0x0000000085300000, 0x0000000085300000, 0x0000000085400000|  0%| F|  |TAMS 0x0000000085300000, 0x0000000085300000| Untracked 
|  60|0x0000000085400000, 0x0000000085400000, 0x0000000085500000|  0%| F|  |TAMS 0x0000000085400000, 0x0000000085400000| Untracked 
|  61|0x0000000085500000, 0x0000000085500000, 0x0000000085600000|  0%| F|  |TAMS 0x0000000085500000, 0x0000000085500000| Untracked 
|  62|0x0000000085600000, 0x0000000085600000, 0x0000000085700000|  0%| F|  |TAMS 0x0000000085600000, 0x0000000085600000| Untracked 
|  63|0x0000000085700000, 0x0000000085700000, 0x0000000085800000|  0%| F|  |TAMS 0x0000000085700000, 0x0000000085700000| Untracked 
|  64|0x0000000085800000, 0x0000000085800000, 0x0000000085900000|  0%| F|  |TAMS 0x0000000085800000, 0x0000000085800000| Untracked 
|  65|0x0000000085900000, 0x0000000085900000, 0x0000000085a00000|  0%| F|  |TAMS 0x0000000085900000, 0x0000000085900000| Untracked 
|  66|0x0000000085a00000, 0x0000000085a00000, 0x0000000085b00000|  0%| F|  |TAMS 0x0000000085a00000, 0x0000000085a00000| Untracked 
|  67|0x0000000085b00000, 0x0000000085b00000, 0x0000000085c00000|  0%| F|  |TAMS 0x0000000085b00000, 0x0000000085b00000| Untracked 
|  68|0x0000000085c00000, 0x0000000085c00000, 0x0000000085d00000|  0%| F|  |TAMS 0x0000000085c00000, 0x0000000085c00000| Untracked 
|  69|0x0000000085d00000, 0x0000000085d00000, 0x0000000085e00000|  0%| F|  |TAMS 0x0000000085d00000, 0x0000000085d00000| Untracked 
|  70|0x0000000085e00000, 0x0000000085e00000, 0x0000000085f00000|  0%| F|  |TAMS 0x0000000085e00000, 0x0000000085e00000| Untracked 
|  71|0x0000000085f00000, 0x0000000085f00000, 0x0000000086000000|  0%| F|  |TAMS 0x0000000085f00000, 0x0000000085f00000| Untracked 
|  72|0x0000000086000000, 0x0000000086000000, 0x0000000086100000|  0%| F|  |TAMS 0x0000000086000000, 0x0000000086000000| Untracked 
|  73|0x0000000086100000, 0x0000000086100000, 0x0000000086200000|  0%| F|  |TAMS 0x0000000086100000, 0x0000000086100000| Untracked 
|  74|0x0000000086200000, 0x0000000086200000, 0x0000000086300000|  0%| F|  |TAMS 0x0000000086200000, 0x0000000086200000| Untracked 
|  75|0x0000000086300000, 0x0000000086300000, 0x0000000086400000|  0%| F|  |TAMS 0x0000000086300000, 0x0000000086300000| Untracked 
|  76|0x0000000086400000, 0x0000000086400000, 0x0000000086500000|  0%| F|  |TAMS 0x0000000086400000, 0x0000000086400000| Untracked 
|  77|0x0000000086500000, 0x0000000086500000, 0x0000000086600000|  0%| F|  |TAMS 0x0000000086500000, 0x0000000086500000| Untracked 
|  78|0x0000000086600000, 0x0000000086600000, 0x0000000086700000|  0%| F|  |TAMS 0x0000000086600000, 0x0000000086600000| Untracked 
|  79|0x0000000086700000, 0x0000000086700000, 0x0000000086800000|  0%| F|  |TAMS 0x0000000086700000, 0x0000000086700000| Untracked 
|  80|0x0000000086800000, 0x0000000086800000, 0x0000000086900000|  0%| F|  |TAMS 0x0000000086800000, 0x0000000086800000| Untracked 
|  81|0x0000000086900000, 0x0000000086900000, 0x0000000086a00000|  0%| F|  |TAMS 0x0000000086900000, 0x0000000086900000| Untracked 
|  82|0x0000000086a00000, 0x0000000086a00000, 0x0000000086b00000|  0%| F|  |TAMS 0x0000000086a00000, 0x0000000086a00000| Untracked 
|  83|0x0000000086b00000, 0x0000000086b00000, 0x0000000086c00000|  0%| F|  |TAMS 0x0000000086b00000, 0x0000000086b00000| Untracked 
|  84|0x0000000086c00000, 0x0000000086c00000, 0x0000000086d00000|  0%| F|  |TAMS 0x0000000086c00000, 0x0000000086c00000| Untracked 
|  85|0x0000000086d00000, 0x0000000086d00000, 0x0000000086e00000|  0%| F|  |TAMS 0x0000000086d00000, 0x0000000086d00000| Untracked 
|  86|0x0000000086e00000, 0x0000000086e00000, 0x0000000086f00000|  0%| F|  |TAMS 0x0000000086e00000, 0x0000000086e00000| Untracked 
|  87|0x0000000086f00000, 0x0000000086f00000, 0x0000000087000000|  0%| F|  |TAMS 0x0000000086f00000, 0x0000000086f00000| Untracked 
|  88|0x0000000087000000, 0x0000000087000000, 0x0000000087100000|  0%| F|  |TAMS 0x0000000087000000, 0x0000000087000000| Untracked 
|  89|0x0000000087100000, 0x0000000087100000, 0x0000000087200000|  0%| F|  |TAMS 0x0000000087100000, 0x0000000087100000| Untracked 
|  90|0x0000000087200000, 0x0000000087200000, 0x0000000087300000|  0%| F|  |TAMS 0x0000000087200000, 0x0000000087200000| Untracked 
|  91|0x0000000087300000, 0x0000000087300000, 0x0000000087400000|  0%| F|  |TAMS 0x0000000087300000, 0x0000000087300000| Untracked 
|  92|0x0000000087400000, 0x0000000087400000, 0x0000000087500000|  0%| F|  |TAMS 0x0000000087400000, 0x0000000087400000| Untracked 
|  93|0x0000000087500000, 0x0000000087500000, 0x0000000087600000|  0%| F|  |TAMS 0x0000000087500000, 0x0000000087500000| Untracked 
|  94|0x0000000087600000, 0x0000000087600000, 0x0000000087700000|  0%| F|  |TAMS 0x0000000087600000, 0x0000000087600000| Untracked 
|  95|0x0000000087700000, 0x0000000087700000, 0x0000000087800000|  0%| F|  |TAMS 0x0000000087700000, 0x0000000087700000| Untracked 
|  96|0x0000000087800000, 0x0000000087800000, 0x0000000087900000|  0%| F|  |TAMS 0x0000000087800000, 0x0000000087800000| Untracked 
|  97|0x0000000087900000, 0x0000000087900000, 0x0000000087a00000|  0%| F|  |TAMS 0x0000000087900000, 0x0000000087900000| Untracked 
|  98|0x0000000087a00000, 0x0000000087a00000, 0x0000000087b00000|  0%| F|  |TAMS 0x0000000087a00000, 0x0000000087a00000| Untracked 
|  99|0x0000000087b00000, 0x0000000087b00000, 0x0000000087c00000|  0%| F|  |TAMS 0x0000000087b00000, 0x0000000087b00000| Untracked 
| 100|0x0000000087c00000, 0x0000000087c00000, 0x0000000087d00000|  0%| F|  |TAMS 0x0000000087c00000, 0x0000000087c00000| Untracked 
| 101|0x0000000087d00000, 0x0000000087d00000, 0x0000000087e00000|  0%| F|  |TAMS 0x0000000087d00000, 0x0000000087d00000| Untracked 
| 102|0x0000000087e00000, 0x0000000087e00000, 0x0000000087f00000|  0%| F|  |TAMS 0x0000000087e00000, 0x0000000087e00000| Untracked 
| 103|0x0000000087f00000, 0x0000000087f00000, 0x0000000088000000|  0%| F|  |TAMS 0x0000000087f00000, 0x0000000087f00000| Untracked 
| 104|0x0000000088000000, 0x0000000088000000, 0x0000000088100000|  0%| F|  |TAMS 0x0000000088000000, 0x0000000088000000| Untracked 
| 105|0x0000000088100000, 0x0000000088100000, 0x0000000088200000|  0%| F|  |TAMS 0x0000000088100000, 0x0000000088100000| Untracked 
| 106|0x0000000088200000, 0x0000000088200000, 0x0000000088300000|  0%| F|  |TAMS 0x0000000088200000, 0x0000000088200000| Untracked 
| 107|0x0000000088300000, 0x0000000088300000, 0x0000000088400000|  0%| F|  |TAMS 0x0000000088300000, 0x0000000088300000| Untracked 
| 108|0x0000000088400000, 0x0000000088400000, 0x0000000088500000|  0%| F|  |TAMS 0x0000000088400000, 0x0000000088400000| Untracked 
| 109|0x0000000088500000, 0x0000000088500000, 0x0000000088600000|  0%| F|  |TAMS 0x0000000088500000, 0x0000000088500000| Untracked 
| 110|0x0000000088600000, 0x00000000886525b0, 0x0000000088700000| 32%| E|  |TAMS 0x0000000088600000, 0x0000000088600000| Complete 
| 111|0x0000000088700000, 0x0000000088800000, 0x0000000088800000|100%| E|CS|TAMS 0x0000000088700000, 0x0000000088700000| Complete 
| 112|0x0000000088800000, 0x0000000088900000, 0x0000000088900000|100%| E|CS|TAMS 0x0000000088800000, 0x0000000088800000| Complete 
| 113|0x0000000088900000, 0x0000000088a00000, 0x0000000088a00000|100%| E|CS|TAMS 0x0000000088900000, 0x0000000088900000| Complete 
| 114|0x0000000088a00000, 0x0000000088b00000, 0x0000000088b00000|100%| E|CS|TAMS 0x0000000088a00000, 0x0000000088a00000| Complete 
| 115|0x0000000088b00000, 0x0000000088c00000, 0x0000000088c00000|100%| E|CS|TAMS 0x0000000088b00000, 0x0000000088b00000| Complete 
| 116|0x0000000088c00000, 0x0000000088d00000, 0x0000000088d00000|100%| E|CS|TAMS 0x0000000088c00000, 0x0000000088c00000| Complete 
| 117|0x0000000088d00000, 0x0000000088e00000, 0x0000000088e00000|100%| E|CS|TAMS 0x0000000088d00000, 0x0000000088d00000| Complete 
| 118|0x0000000088e00000, 0x0000000088f00000, 0x0000000088f00000|100%| E|CS|TAMS 0x0000000088e00000, 0x0000000088e00000| Complete 
| 119|0x0000000088f00000, 0x0000000089000000, 0x0000000089000000|100%| E|CS|TAMS 0x0000000088f00000, 0x0000000088f00000| Complete 
| 120|0x0000000089000000, 0x0000000089100000, 0x0000000089100000|100%| E|CS|TAMS 0x0000000089000000, 0x0000000089000000| Complete 
| 121|0x0000000089100000, 0x0000000089200000, 0x0000000089200000|100%| E|CS|TAMS 0x0000000089100000, 0x0000000089100000| Complete 
| 122|0x0000000089200000, 0x0000000089300000, 0x0000000089300000|100%| E|CS|TAMS 0x0000000089200000, 0x0000000089200000| Complete 
| 123|0x0000000089300000, 0x00000000893635b8, 0x0000000089400000| 38%| S|CS|TAMS 0x0000000089300000, 0x0000000089300000| Complete 
| 124|0x0000000089400000, 0x0000000089500000, 0x0000000089500000|100%| E|CS|TAMS 0x0000000089400000, 0x0000000089400000| Complete 
| 125|0x0000000089500000, 0x0000000089600000, 0x0000000089600000|100%| E|CS|TAMS 0x0000000089500000, 0x0000000089500000| Complete 
| 126|0x0000000089600000, 0x0000000089700000, 0x0000000089700000|100%| E|CS|TAMS 0x0000000089600000, 0x0000000089600000| Complete 
| 127|0x0000000089700000, 0x0000000089800000, 0x0000000089800000|100%| E|CS|TAMS 0x0000000089700000, 0x0000000089700000| Complete 

Card table byte_map: [0x00000246b9a50000,0x00000246b9e50000] _byte_map_base: 0x00000246b9644000

Marking Bits (Prev, Next): (CMBitMap*) 0x00000246a21915c8, (CMBitMap*) 0x00000246a2191608
 Prev Bits: [0x00000246ba250000, 0x00000246bc1f0000)
 Next Bits: [0x00000246bc1f0000, 0x00000246be190000)

Polling page: 0x000002469ff30000

Metaspace:

Usage:
  Non-class:      9.54 MB capacity,     9.22 MB ( 97%) used,   281.53 KB (  3%) free+waste,    44.44 KB ( <1%) overhead. 
      Class:      1.43 MB capacity,     1.25 MB ( 87%) used,   163.96 KB ( 11%) free+waste,    22.50 KB (  2%) overhead. 
       Both:     10.98 MB capacity,    10.48 MB ( 95%) used,   445.49 KB (  4%) free+waste,    66.94 KB ( <1%) overhead. 

Virtual space:
  Non-class space:       10.00 MB reserved,       9.75 MB ( 98%) committed 
      Class space:        1.00 GB reserved,       1.50 MB ( <1%) committed 
             Both:        1.01 GB reserved,      11.25 MB (  1%) committed 

Chunk freelists:
   Non-Class:  21.00 KB
       Class:  4.00 KB
        Both:  25.00 KB

MaxMetaspaceSize: 17179869184.00 GB
CompressedClassSpaceSize: 1.00 GB

CodeHeap 'non-profiled nmethods': size=120064Kb used=609Kb max_used=609Kb free=119454Kb
 bounds [0x00000246b2110000, 0x00000246b2380000, 0x00000246b9650000]
CodeHeap 'profiled nmethods': size=120000Kb used=3790Kb max_used=3790Kb free=116209Kb
 bounds [0x00000246aabe0000, 0x00000246aafa0000, 0x00000246b2110000]
CodeHeap 'non-nmethods': size=5696Kb used=1297Kb max_used=1316Kb free=4398Kb
 bounds [0x00000246aa650000, 0x00000246aa8c0000, 0x00000246aabe0000]
 total_blobs=2969 nmethods=1848 adapters=385
 compilation: enabled
              stopped_count=0, restarted_count=0
 full_count=0

Compilation events (20 events):
Event: 23.059 Thread 0x00000246c0678800 1839       4       com.google.common.base.CharMatcher$And::matches (28 bytes)
Event: 23.060 Thread 0x00000246c0fe6000 1841       3       java.util.Formatter::<init> (23 bytes)
Event: 23.060 Thread 0x00000246c0fe6000 nmethod 1841 0x00000246aaf91190 code [0x00000246aaf91360, 0x00000246aaf917a0]
Event: 23.060 Thread 0x00000246c0fe6000 1842       3       java.util.Formatter::format (11 bytes)
Event: 23.061 Thread 0x00000246c0fe6000 nmethod 1842 0x00000246aaf91910 code [0x00000246aaf91ac0, 0x00000246aaf91c90]
Event: 23.061 Thread 0x00000246c0fe6000 1843       1       org.openqa.selenium.remote.SessionId::toString (5 bytes)
Event: 23.061 Thread 0x00000246c0fe6000 nmethod 1843 0x00000246b21a7510 code [0x00000246b21a76a0, 0x00000246b21a77d8]
Event: 23.061 Thread 0x00000246c0fe6000 1844       3       java.util.HashMap$HashMapSpliterator::<init> (32 bytes)
Event: 23.061 Thread 0x00000246c0fe6000 nmethod 1844 0x00000246aaf91d10 code [0x00000246aaf91ec0, 0x00000246aaf920f8]
Event: 23.061 Thread 0x00000246c0fe6000 1845       3       okhttp3.internal.http.RealInterceptorChain::<init> (68 bytes)
Event: 23.061 Thread 0x00000246c0fe6000 nmethod 1845 0x00000246aaf92190 code [0x00000246aaf92360, 0x00000246aaf927f8]
Event: 23.062 Thread 0x00000246c0678800 nmethod 1839 0x00000246b21a7890 code [0x00000246b21a7a40, 0x00000246b21a7cc8]
Event: 23.063 Thread 0x00000246c0678800 1840       4       java.lang.String::getChars (54 bytes)
Event: 23.066 Thread 0x00000246c0678800 nmethod 1840 0x00000246b21a7f10 code [0x00000246b21a80a0, 0x00000246b21a84b8]
Event: 23.076 Thread 0x00000246c0fe6000 1846       3       java.lang.Math::max (12 bytes)
Event: 23.076 Thread 0x00000246c0fe6000 nmethod 1846 0x00000246aaf92910 code [0x00000246aaf92ac0, 0x00000246aaf92c58]
Event: 23.076 Thread 0x00000246c0fe6000 1847       3       com.google.common.collect.ImmutableList::<init> (5 bytes)
Event: 23.076 Thread 0x00000246c0fe6000 nmethod 1847 0x00000246aaf92d10 code [0x00000246aaf92ec0, 0x00000246aaf93158]
Event: 2341.583 Thread 0x00000246c0fe6000 1848       3       java.lang.ref.ReferenceQueue::reallyPoll (65 bytes)
Event: 2341.584 Thread 0x00000246c0fe6000 nmethod 1848 0x00000246aaf93290 code [0x00000246aaf93460, 0x00000246aaf939f8]

GC Heap History (4 events):
Event: 0.701 GC heap before
{Heap before GC invocations=0 (full 0):
 garbage-first heap   total 131072K, used 15360K [0x0000000081800000, 0x0000000100000000)
  region size 1024K, 14 young (14336K), 0 survivors (0K)
 Metaspace       used 5866K, capacity 6078K, committed 6144K, reserved 1056768K
  class space    used 650K, capacity 730K, committed 768K, reserved 1048576K
}
Event: 0.707 GC heap after
{Heap after GC invocations=1 (full 0):
 garbage-first heap   total 131072K, used 4951K [0x0000000081800000, 0x0000000100000000)
  region size 1024K, 2 young (2048K), 2 survivors (2048K)
 Metaspace       used 5866K, capacity 6078K, committed 6144K, reserved 1056768K
  class space    used 650K, capacity 730K, committed 768K, reserved 1048576K
}
Event: 1.546 GC heap before
{Heap before GC invocations=1 (full 0):
 garbage-first heap   total 131072K, used 9047K [0x0000000081800000, 0x0000000100000000)
  region size 1024K, 6 young (6144K), 2 survivors (2048K)
 Metaspace       used 6924K, capacity 7163K, committed 7296K, reserved 1056768K
  class space    used 772K, capacity 874K, committed 896K, reserved 1048576K
}
Event: 1.555 GC heap after
{Heap after GC invocations=2 (full 0):
 garbage-first heap   total 131072K, used 5626K [0x0000000081800000, 0x0000000100000000)
  region size 1024K, 1 young (1024K), 1 survivors (1024K)
 Metaspace       used 6924K, capacity 7163K, committed 7296K, reserved 1056768K
  class space    used 772K, capacity 874K, committed 896K, reserved 1048576K
}

Deoptimization events (20 events):
Event: 23.046 Thread 0x00000246a214b800 DEOPT PACKING pc=0x00000246aaf72484 sp=0x000000d750afe2b0
Event: 23.046 Thread 0x00000246a214b800 DEOPT UNPACKING pc=0x00000246aa69964e sp=0x000000d750afd800 mode 1
Event: 23.046 Thread 0x00000246a214b800 DEOPT PACKING pc=0x00000246aaf3431c sp=0x000000d750afe3c0
Event: 23.046 Thread 0x00000246a214b800 DEOPT UNPACKING pc=0x00000246aa69964e sp=0x000000d750afd930 mode 1
Event: 23.046 Thread 0x00000246a214b800 DEOPT PACKING pc=0x00000246aaf72484 sp=0x000000d750afe330
Event: 23.046 Thread 0x00000246a214b800 DEOPT UNPACKING pc=0x00000246aa69964e sp=0x000000d750afd880 mode 1
Event: 23.046 Thread 0x00000246a214b800 DEOPT PACKING pc=0x00000246aaf3431c sp=0x000000d750afe440
Event: 23.046 Thread 0x00000246a214b800 DEOPT UNPACKING pc=0x00000246aa69964e sp=0x000000d750afd9b0 mode 1
Event: 23.046 Thread 0x00000246a214b800 DEOPT PACKING pc=0x00000246aaf72484 sp=0x000000d750afe2b0
Event: 23.046 Thread 0x00000246a214b800 DEOPT UNPACKING pc=0x00000246aa69964e sp=0x000000d750afd800 mode 1
Event: 23.046 Thread 0x00000246a214b800 DEOPT PACKING pc=0x00000246aaf3431c sp=0x000000d750afe3c0
Event: 23.046 Thread 0x00000246a214b800 DEOPT UNPACKING pc=0x00000246aa69964e sp=0x000000d750afd930 mode 1
Event: 23.046 Thread 0x00000246a214b800 DEOPT PACKING pc=0x00000246aaf72484 sp=0x000000d750afe330
Event: 23.046 Thread 0x00000246a214b800 DEOPT UNPACKING pc=0x00000246aa69964e sp=0x000000d750afd880 mode 1
Event: 23.046 Thread 0x00000246a214b800 DEOPT PACKING pc=0x00000246aaf3431c sp=0x000000d750afe440
Event: 23.046 Thread 0x00000246a214b800 DEOPT UNPACKING pc=0x00000246aa69964e sp=0x000000d750afd9b0 mode 1
Event: 23.046 Thread 0x00000246a214b800 DEOPT PACKING pc=0x00000246aaf72484 sp=0x000000d750afe2b0
Event: 23.046 Thread 0x00000246a214b800 DEOPT UNPACKING pc=0x00000246aa69964e sp=0x000000d750afd800 mode 1
Event: 23.046 Thread 0x00000246a214b800 DEOPT PACKING pc=0x00000246aaf3431c sp=0x000000d750afe3c0
Event: 23.046 Thread 0x00000246a214b800 DEOPT UNPACKING pc=0x00000246aa69964e sp=0x000000d750afd930 mode 1

Classes unloaded (0 events):
No events

Classes redefined (6 events):
Event: 1825.004 Thread 0x00000246c0653800 redefined class name=wedDriver.Orange_Myinfo, count=1
Event: 2054.056 Thread 0x00000246c0653800 redefined class name=wedDriver.Orange_Myinfo, count=2
Event: 2125.007 Thread 0x00000246c0653800 redefined class name=wedDriver.Orange_Myinfo, count=3
Event: 2329.762 Thread 0x00000246c0653800 redefined class name=wedDriver.Orange_Myinfo, count=4
Event: 2447.448 Thread 0x00000246c0653800 redefined class name=wedDriver.Orange_Myinfo, count=5
Event: 2506.574 Thread 0x00000246c0653800 redefined class name=wedDriver.Orange_Myinfo, count=6

Internal exceptions (20 events):
Event: 0.672 Thread 0x00000246a214b800 Exception <a 'java/lang/NoSuchMethodError'{0x0000000088a02da8}: 'void java.lang.invoke.DirectMethodHandle$Holder.invokeStaticInit(java.lang.Object, java.lang.Object)'> (0x0000000088a02da8) 
thrown [t:/workspace/open/src/hotspot/share/interpreter/linkResolver.cpp, line 767]
Event: 0.673 Thread 0x00000246a214b800 Exception <a 'java/lang/NoSuchMethodError'{0x0000000088a08148}: 'int java.lang.invoke.DirectMethodHandle$Holder.invokeStaticInit(java.lang.Object, java.lang.Object)'> (0x0000000088a08148) 
thrown [t:/workspace/open/src/hotspot/share/interpreter/linkResolver.cpp, line 767]
Event: 0.929 Thread 0x00000246a214b800 Exception <a 'java/lang/NoSuchMethodError'{0x000000008950ad80}: 'java.lang.Object java.lang.invoke.DirectMethodHandle$Holder.invokeStaticInit(java.lang.Object, java.lang.Object, int, int, int, int)'> (0x000000008950ad80) 
thrown [t:/workspace/open/src/hotspot/share/interpreter/linkResolver.cpp, line 767]
Event: 0.983 Thread 0x00000246c1bba000 Exception <a 'java/lang/NoSuchMethodError'{0x000000008948d800}: 'void java.lang.invoke.DirectMethodHandle$Holder.invokeStatic(java.lang.Object, long)'> (0x000000008948d800) 
thrown [t:/workspace/open/src/hotspot/share/interpreter/linkResolver.cpp, line 767]
Event: 0.989 Thread 0x00000246c1bba000 Exception <a 'java/lang/NoSuchMethodError'{0x00000000894a26e8}: 'java.lang.Object java.lang.invoke.DirectMethodHandle$Holder.invokeStaticInit(java.lang.Object, java.lang.Object, long, java.lang.Object)'> (0x00000000894a26e8) 
thrown [t:/workspace/open/src/hotspot/share/interpreter/linkResolver.cpp, line 767]
Event: 0.992 Thread 0x00000246c1bba000 Exception <a 'java/lang/NoSuchMethodError'{0x00000000894a82b0}: 'java.lang.Object java.lang.invoke.Invokers$Holder.linkToTargetMethod(java.lang.Object, long, java.lang.Object)'> (0x00000000894a82b0) 
thrown [t:/workspace/open/src/hotspot/share/interpreter/linkResolver.cpp, line 767]
Event: 1.563 Thread 0x00000246a214b800 Exception <a 'java/lang/NoSuchMethodError'{0x000000008971bd88}: 'java.lang.Object java.lang.invoke.DirectMethodHandle$Holder.invokeInterface(java.lang.Object, java.lang.Object, java.lang.Object)'> (0x000000008971bd88) 
thrown [t:/workspace/open/src/hotspot/share/interpreter/linkResolver.cpp, line 767]
Event: 1.563 Thread 0x00000246a214b800 Exception <a 'java/lang/IncompatibleClassChangeError'{0x000000008971eb50}: Found class java.lang.Object, but interface was expected> (0x000000008971eb50) 
thrown [t:/workspace/open/src/hotspot/share/interpreter/linkResolver.cpp, line 833]
Event: 1.565 Thread 0x00000246a214b800 Exception <a 'java/lang/NoSuchMethodError'{0x0000000089726b78}: 'int java.lang.invoke.DirectMethodHandle$Holder.invokeSpecialIFC(java.lang.Object, java.lang.Object, java.lang.Object, java.lang.Object)'> (0x0000000089726b78) 
thrown [t:/workspace/open/src/hotspot/share/interpreter/linkResolver.cpp, line 767]
Event: 1.567 Thread 0x00000246a214b800 Exception <a 'java/lang/NoSuchMethodError'{0x000000008972e8b0}: 'java.lang.Object java.lang.invoke.DirectMethodHandle$Holder.invokeInterface(java.lang.Object, java.lang.Object, java.lang.Object, java.lang.Object)'> (0x000000008972e8b0) 
thrown [t:/workspace/open/src/hotspot/share/interpreter/linkResolver.cpp, line 767]
Event: 1.573 Thread 0x00000246a214b800 Exception <a 'java/lang/NoSuchMethodError'{0x00000000897515a0}: 'java.lang.Object java.lang.invoke.DirectMethodHandle$Holder.invokeVirtual(java.lang.Object, java.lang.Object, java.lang.Object)'> (0x00000000897515a0) 
thrown [t:/workspace/open/src/hotspot/share/interpreter/linkResolver.cpp, line 767]
Event: 1.597 Thread 0x00000246a214b800 Exception <a 'java/lang/NoSuchMethodError'{0x00000000896132b8}: 'int java.lang.invoke.DirectMethodHandle$Holder.invokeVirtual(java.lang.Object, java.lang.Object)'> (0x00000000896132b8) 
thrown [t:/workspace/open/src/hotspot/share/interpreter/linkResolver.cpp, line 767]
Event: 1.597 Thread 0x00000246a214b800 Exception <a 'java/lang/NoSuchMethodError'{0x0000000089618680}: 'double java.lang.invoke.DirectMethodHandle$Holder.invokeVirtual(java.lang.Object, java.lang.Object)'> (0x0000000089618680) 
thrown [t:/workspace/open/src/hotspot/share/interpreter/linkResolver.cpp, line 767]
Event: 1.598 Thread 0x00000246a214b800 Exception <a 'java/lang/NoSuchMethodError'{0x000000008961dd80}: 'float java.lang.invoke.DirectMethodHandle$Holder.invokeVirtual(java.lang.Object, java.lang.Object)'> (0x000000008961dd80) 
thrown [t:/workspace/open/src/hotspot/share/interpreter/linkResolver.cpp, line 767]
Event: 1.600 Thread 0x00000246a214b800 Exception <a 'java/lang/NoSuchMethodError'{0x00000000896255b8}: 'long java.lang.invoke.DirectMethodHandle$Holder.invokeVirtual(java.lang.Object, java.lang.Object)'> (0x00000000896255b8) 
thrown [t:/workspace/open/src/hotspot/share/interpreter/linkResolver.cpp, line 767]
Event: 1.693 Thread 0x00000246a214b800 Exception <a 'java/lang/NoSuchMethodError'{0x00000000892686b0}: 'void java.lang.invoke.DirectMethodHandle$Holder.invokeStatic(java.lang.Object, java.lang.Object, java.lang.Object, java.lang.Object, java.lang.Object)'> (0x00000000892686b0) 
thrown [t:/workspace/open/src/hotspot/share/interpreter/linkResolver.cpp, line 767]
Event: 1.768 Thread 0x00000246a214b800 Exception <a 'java/lang/NoSuchMethodError'{0x0000000088fad578}: 'void java.lang.invoke.DirectMethodHandle$Holder.invokeStatic(java.lang.Object, java.lang.Object, java.lang.Object, java.lang.Object)'> (0x0000000088fad578) 
thrown [t:/workspace/open/src/hotspot/share/interpreter/linkResolver.cpp, line 767]
Event: 6.606 Thread 0x00000246a214b800 Exception <a 'java/lang/NoSuchMethodError'{0x0000000088d4ab00}: 'java.lang.Object java.lang.invoke.DirectMethodHandle$Holder.invokeSpecialIFC(java.lang.Object, java.lang.Object, java.lang.Object)'> (0x0000000088d4ab00) 
thrown [t:/workspace/open/src/hotspot/share/interpreter/linkResolver.cpp, line 767]
Event: 6.645 Thread 0x00000246a214b800 Exception <a 'java/lang/ClassNotFoundException'{0x0000000088dfe620}: sun/util/logging/resources/spi/loggingProvider> (0x0000000088dfe620) 
thrown [t:/workspace/open/src/hotspot/share/classfile/systemDictionary.cpp, line 232]
Event: 2511.509 Thread 0x00000246c1157800 Exception <a 'java/lang/LinkageError'{0x000000008861cf50}> (0x000000008861cf50) 
thrown [t:/workspace/open/src/hotspot/share/oops/generateOopMap.cpp, line 2140]

Events (20 events):
Event: 2447.512 Executing VM operation: GetOwnedMonitorInfo
Event: 2447.512 Executing VM operation: GetOwnedMonitorInfo done
Event: 2447.512 Executing VM operation: GetCurrentContendedMonitor
Event: 2447.513 Executing VM operation: GetCurrentContendedMonitor done
Event: 2506.572 Executing VM operation: RedefineClasses
Event: 2506.579 Executing VM operation: RedefineClasses done
Event: 2506.587 Executing VM operation: ChangeBreakpoints
Event: 2506.588 Executing VM operation: ChangeBreakpoints done
Event: 2506.598 Executing VM operation: ChangeBreakpoints
Event: 2506.600 Executing VM operation: ChangeBreakpoints done
Event: 2506.602 Executing VM operation: GetFrameCount
Event: 2506.603 Executing VM operation: GetFrameCount done
Event: 2506.603 Executing VM operation: GetStackTrace
Event: 2506.603 Executing VM operation: GetStackTrace done
Event: 2506.645 Executing VM operation: GetFrameCount
Event: 2506.645 Executing VM operation: GetFrameCount done
Event: 2506.645 Executing VM operation: GetOwnedMonitorInfo
Event: 2506.645 Executing VM operation: GetOwnedMonitorInfo done
Event: 2506.645 Executing VM operation: GetCurrentContendedMonitor
Event: 2506.645 Executing VM operation: GetCurrentContendedMonitor done


Dynamic libraries:
0x00007ff7677e0000 - 0x00007ff7677ef000 	C:\Program Files\Java\jdk-13.0.1\bin\javaw.exe
0x00007ffa72360000 - 0x00007ffa72550000 	C:\WINDOWS\SYSTEM32\ntdll.dll
0x00007ffa71180000 - 0x00007ffa71232000 	C:\WINDOWS\System32\KERNEL32.DLL
0x00007ffa6fd30000 - 0x00007ffa6ffd3000 	C:\WINDOWS\System32\KERNELBASE.dll
0x00007ffa6fb90000 - 0x00007ffa6fc8a000 	C:\WINDOWS\System32\ucrtbase.dll
0x00007ffa511e0000 - 0x00007ffa511f8000 	C:\Program Files\Java\jdk-13.0.1\bin\jli.dll
0x00007ffa721f0000 - 0x00007ffa72293000 	C:\WINDOWS\System32\ADVAPI32.dll
0x00007ffa708d0000 - 0x00007ffa7096e000 	C:\WINDOWS\System32\msvcrt.dll
0x00007ffa70830000 - 0x00007ffa708c7000 	C:\WINDOWS\System32\sechost.dll
0x00007ffa70410000 - 0x00007ffa70530000 	C:\WINDOWS\System32\RPCRT4.dll
0x00007ffa70ad0000 - 0x00007ffa70c64000 	C:\WINDOWS\System32\USER32.dll
0x00007ffa6f2f0000 - 0x00007ffa6f311000 	C:\WINDOWS\System32\win32u.dll
0x00007ffa70d40000 - 0x00007ffa70d66000 	C:\WINDOWS\System32\GDI32.dll
0x00007ffa70270000 - 0x00007ffa70404000 	C:\WINDOWS\System32\gdi32full.dll
0x00007ffa6fc90000 - 0x00007ffa6fd2e000 	C:\WINDOWS\System32\msvcp_win.dll
0x00007ffa511c0000 - 0x00007ffa511d5000 	C:\Program Files\Java\jdk-13.0.1\bin\VCRUNTIME140.dll
0x00007ffa5ffc0000 - 0x00007ffa60245000 	C:\WINDOWS\WinSxS\amd64_microsoft.windows.common-controls_6595b64144ccf1df_6.0.18362.535_none_e6c3b34713100821\COMCTL32.dll
0x00007ffa70de0000 - 0x00007ffa71116000 	C:\WINDOWS\System32\combase.dll
0x00007ffa6f320000 - 0x00007ffa6f3a0000 	C:\WINDOWS\System32\bcryptPrimitives.dll
0x00007ffa67c00000 - 0x00007ffa67c0a000 	C:\WINDOWS\SYSTEM32\VERSION.dll
0x00007ffa71380000 - 0x00007ffa713ae000 	C:\WINDOWS\System32\IMM32.DLL
0x00007ffa3d6f0000 - 0x00007ffa3d78b000 	C:\Program Files\Java\jdk-13.0.1\bin\msvcp140.dll
0x00007ffa49040000 - 0x00007ffa49ba6000 	C:\Program Files\Java\jdk-13.0.1\bin\server\jvm.dll
0x00007ffa705e0000 - 0x00007ffa705e8000 	C:\WINDOWS\System32\PSAPI.DLL
0x00007ffa59c00000 - 0x00007ffa59c09000 	C:\WINDOWS\SYSTEM32\WSOCK32.dll
0x00007ffa70d70000 - 0x00007ffa70ddf000 	C:\WINDOWS\System32\WS2_32.dll
0x00007ffa6ce20000 - 0x00007ffa6ce44000 	C:\WINDOWS\SYSTEM32\WINMM.dll
0x00007ffa6cdf0000 - 0x00007ffa6ce1d000 	C:\WINDOWS\SYSTEM32\WINMMBASE.dll
0x00007ffa6f3c0000 - 0x00007ffa6f40a000 	C:\WINDOWS\System32\cfgmgr32.dll
0x00007ffa6f260000 - 0x00007ffa6f271000 	C:\WINDOWS\System32\kernel.appcore.dll
0x00007ffa6a770000 - 0x00007ffa6a780000 	C:\Program Files\Java\jdk-13.0.1\bin\verify.dll
0x00007ffa5ad90000 - 0x00007ffa5af84000 	C:\WINDOWS\SYSTEM32\DBGHELP.DLL
0x00007ffa5ad60000 - 0x00007ffa5ad8a000 	C:\WINDOWS\SYSTEM32\dbgcore.DLL
0x00007ffa4f4a0000 - 0x00007ffa4f4c6000 	C:\Program Files\Java\jdk-13.0.1\bin\java.dll
0x00007ffa4a860000 - 0x00007ffa4a898000 	C:\Program Files\Java\jdk-13.0.1\bin\jdwp.dll
0x00007ffa5fa20000 - 0x00007ffa5fa2e000 	C:\Program Files\Java\jdk-13.0.1\bin\instrument.dll
0x00007ffa5f9d0000 - 0x00007ffa5f9e7000 	C:\Program Files\Java\jdk-13.0.1\bin\zip.dll
0x00007ffa69100000 - 0x00007ffa6910a000 	C:\Program Files\Java\jdk-13.0.1\bin\jimage.dll
0x00007ffa71b00000 - 0x00007ffa721e5000 	C:\WINDOWS\System32\SHELL32.dll
0x00007ffa70530000 - 0x00007ffa705d9000 	C:\WINDOWS\System32\shcore.dll
0x00007ffa6f410000 - 0x00007ffa6fb8f000 	C:\WINDOWS\System32\windows.storage.dll
0x00007ffa6f280000 - 0x00007ffa6f29f000 	C:\WINDOWS\System32\profapi.dll
0x00007ffa6f2a0000 - 0x00007ffa6f2ea000 	C:\WINDOWS\System32\powrprof.dll
0x00007ffa6f230000 - 0x00007ffa6f240000 	C:\WINDOWS\System32\UMPDC.dll
0x00007ffa712b0000 - 0x00007ffa71302000 	C:\WINDOWS\System32\shlwapi.dll
0x00007ffa6f3a0000 - 0x00007ffa6f3b7000 	C:\WINDOWS\System32\cryptsp.dll
0x00007ffa5b230000 - 0x00007ffa5b23b000 	C:\Program Files\Java\jdk-13.0.1\bin\dt_socket.dll
0x00007ffa6eaa0000 - 0x00007ffa6eb07000 	C:\WINDOWS\system32\mswsock.dll
0x00007ffa6e7f0000 - 0x00007ffa6e8ba000 	C:\WINDOWS\SYSTEM32\DNSAPI.dll
0x00007ffa705f0000 - 0x00007ffa705f8000 	C:\WINDOWS\System32\NSI.dll
0x00007ffa6e7b0000 - 0x00007ffa6e7ea000 	C:\WINDOWS\SYSTEM32\IPHLPAPI.DLL
0x00007ffa60b80000 - 0x00007ffa60b8a000 	C:\Windows\System32\rasadhlp.dll
0x00007ffa66d40000 - 0x00007ffa66db7000 	C:\WINDOWS\System32\fwpuclnt.dll
0x00007ffa6ffe0000 - 0x00007ffa70006000 	C:\WINDOWS\System32\bcrypt.dll
0x00007ffa5cad0000 - 0x00007ffa5cae9000 	C:\Program Files\Java\jdk-13.0.1\bin\net.dll
0x00007ffa61410000 - 0x00007ffa61500000 	C:\WINDOWS\SYSTEM32\WINHTTP.dll
0x00007ffa582c0000 - 0x00007ffa582d3000 	C:\Program Files\Java\jdk-13.0.1\bin\nio.dll
0x00007ffa47a50000 - 0x00007ffa47a75000 	C:\Program Files\Java\jdk-13.0.1\bin\sunec.dll
0x00007ffa6ad70000 - 0x00007ffa6ad7e000 	C:\Program Files\Java\jdk-13.0.1\bin\sunmscapi.dll
0x00007ffa700c0000 - 0x00007ffa70209000 	C:\WINDOWS\System32\CRYPT32.dll
0x00007ffa6f240000 - 0x00007ffa6f252000 	C:\WINDOWS\System32\MSASN1.dll
0x00007ffa6ed70000 - 0x00007ffa6ed96000 	C:\WINDOWS\SYSTEM32\ncrypt.dll
0x00007ffa6ed30000 - 0x00007ffa6ed6b000 	C:\WINDOWS\SYSTEM32\NTASN1.dll
0x00007ffa6e610000 - 0x00007ffa6e643000 	C:\WINDOWS\system32\rsaenh.dll
0x00007ffa6f120000 - 0x00007ffa6f145000 	C:\WINDOWS\SYSTEM32\USERENV.dll
0x00007ffa6ec70000 - 0x00007ffa6ec7c000 	C:\WINDOWS\SYSTEM32\CRYPTBASE.dll
0x00007ffa67290000 - 0x00007ffa672a6000 	C:\WINDOWS\SYSTEM32\dhcpcsvc6.DLL
0x00007ffa67200000 - 0x00007ffa6721c000 	C:\WINDOWS\SYSTEM32\dhcpcsvc.DLL

dbghelp: loaded successfully - version: 4.0.5 - missing functions: none
symbol engine: initialized successfully - sym options: 0x614 - pdb path: .;C:\Program Files\Java\jdk-13.0.1\bin;C:\WINDOWS\SYSTEM32;C:\WINDOWS\WinSxS\amd64_microsoft.windows.common-controls_6595b64144ccf1df_6.0.18362.535_none_e6c3b34713100821;C:\Program Files\Java\jdk-13.0.1\bin\server

VM Arguments:
jvm_args: -agentlib:jdwp=transport=dt_socket,suspend=y,address=localhost:62563 -javaagent:C:\Users\Admin\eclipse\java-2019-09\eclipse\configuration\org.eclipse.osgi\229\0\.cp\lib\javaagent-shaded.jar -Dfile.encoding=UTF-8 
java_command: wedDriver.Orange_Myinfo
java_class_path (initial): C:\Users\Admin\eclipse-workspace\Selenium\bin;C:\selenium-server-standalone-3.141.59.jar;C:\Selenium\libs\byte-buddy-1.8.15.jar;C:\Selenium\libs\commons-exec-1.3.jar;C:\Selenium\libs\guava-25.0-jre.jar;C:\Selenium\libs\okhttp-3.11.0.jar;C:\Selenium\libs\okio-1.14.0.jar;C:\Selenium\client-combined-3.141.59.jar;C:\Selenium\client-combined-3.141.59-sources.jar;C:\Users\Admin\.p2\pool\plugins\org.testng_7.0.0.r201908191551.jar;C:\Users\Admin\.p2\pool\plugins\com.beust.jcommander_1.72.0.jar;C:\Users\Admin\.p2\pool\plugins\org.apache-extras.beanshell.bsh_2.0.0.b6.jar;C:\Users\Admin\.p2\pool\plugins\org.yaml.snakeyaml_1.21.0.jar
Launcher Type: SUN_STANDARD

[Global flags]
     intx CICompilerCount                          = 3                                         {product} {ergonomic}
     uint ConcGCThreads                            = 1                                         {product} {ergonomic}
     uint G1ConcRefinementThreads                  = 4                                         {product} {ergonomic}
   size_t G1HeapRegionSize                         = 1048576                                   {product} {ergonomic}
    uintx GCDrainStackTargetSize                   = 64                                        {product} {ergonomic}
   size_t InitialHeapSize                          = 134217728                                 {product} {ergonomic}
   size_t MarkStackSize                            = 4194304                                   {product} {ergonomic}
   size_t MaxHeapSize                              = 2122317824                                {product} {ergonomic}
   size_t MaxNewSize                               = 1272971264                                {product} {ergonomic}
   size_t MinHeapDeltaBytes                        = 1048576                                   {product} {ergonomic}
   size_t MinHeapSize                              = 8388608                                   {product} {ergonomic}
    uintx NonNMethodCodeHeapSize                   = 5830732                                {pd product} {ergonomic}
    uintx NonProfiledCodeHeapSize                  = 122913754                              {pd product} {ergonomic}
    uintx ProfiledCodeHeapSize                     = 122913754                              {pd product} {ergonomic}
    uintx ReservedCodeCacheSize                    = 251658240                              {pd product} {ergonomic}
     bool SegmentedCodeCache                       = true                                      {product} {ergonomic}
   size_t SoftMaxHeapSize                          = 2122317824                             {manageable} {ergonomic}
     bool UseCompressedClassPointers               = true                                 {lp64_product} {ergonomic}
     bool UseCompressedOops                        = true                                 {lp64_product} {ergonomic}
     bool UseG1GC                                  = true                                      {product} {ergonomic}
     bool UseLargePagesIndividualAllocation        = false                                  {pd product} {ergonomic}

Logging:
Log output configuration:
 #0: stdout all=warning uptime,level,tags
 #1: stderr all=off uptime,level,tags

Environment Variables:
PATH=C:/Program Files/Java/jdk-13.0.1/bin/server;C:/Program Files/Java/jdk-13.0.1/bin;C:\WINDOWS\system32;C:\WINDOWS;C:\WINDOWS\System32\Wbem;C:\WINDOWS\System32\WindowsPowerShell\v1.0\;C:\WINDOWS\System32\OpenSSH\;C:\Program Files\Java\jdk-13.0.1\bin;C:\webdriver;C:\webdriver\apache-maven-3.6.3\bin;C:\Users\Admin\AppData\Local\Microsoft\WindowsApps;;C:\Users\Admin\Desktop;
USERNAME=Admin
OS=Windows_NT
PROCESSOR_IDENTIFIER=Intel64 Family 6 Model 142 Stepping 9, GenuineIntel



---------------  S Y S T E M  ---------------

OS: Windows 10 , 64 bit Build 18362 (10.0.18362.329)

CPU:total 4 (initial active 4) (2 cores per cpu, 2 threads per core) family 6 model 142 stepping 9, cmov, cx8, fxsr, mmx, sse, sse2, sse3, ssse3, sse4.1, sse4.2, popcnt, avx, avx2, aes, clmul, erms, 3dnowpref, lzcnt, ht, tsc, tscinvbit, bmi1, bmi2, adx, fma

Memory: 4k page, system-wide physical 8092M (2789M free)
TotalPageFile size 9948M (AvailPageFile size 3332M)
current process WorkingSet (physical memory assigned to process): 75M, peak: 80M
current process commit charge ("private bytes"): 219M, peak: 222M

vm_info: Java HotSpot(TM) 64-Bit Server VM (13.0.1+9) for windows-amd64 JRE (13.0.1+9), built on Oct  6 2019 12:37:49 by "mach5one" with unknown MS VC++:1916

END.
