#
# A fatal error has been detected by the Java Runtime Environment:
#
#  Internal Error (t:/workspace/open/src/hotspot/share/interpreter/oopMapCache.cpp:110), pid=13640, tid=11268
#  Error: ShouldNotReachHere()
#
# JRE version: Java(TM) SE Runtime Environment (13.0.1+9) (build 13.0.1+9)
# Java VM: Java HotSpot(TM) 64-Bit Server VM (13.0.1+9, mixed mode, sharing, tiered, compressed oops, g1 gc, windows-amd64)
# No core dump will be written. Minidumps are not enabled by default on client versions of Windows
#
# If you would like to submit a bug report, please visit:
#   http://bugreport.java.com/bugreport/crash.jsp
#

---------------  S U M M A R Y ------------

Command Line: -agentlib:jdwp=transport=dt_socket,suspend=y,address=localhost:62069 -javaagent:C:\Users\Admin\eclipse\java-2019-09\eclipse\configuration\org.eclipse.osgi\229\0\.cp\lib\javaagent-shaded.jar -Dfile.encoding=UTF-8 wedDriver.Orange_Myinfo

Host: Intel(R) Core(TM) i5-7200U CPU @ 2.50GHz, 4 cores, 7G,  Windows 10 , 64 bit Build 18362 (10.0.18362.329)
Time: Wed Jan  1 18:31:38 2020 India Standard Time elapsed time: 2666 seconds (0d 0h 44m 26s)

---------------  T H R E A D  ---------------

Current thread (0x000002701deec000):  JavaThread "JDWP Transport Listener: dt_socket" daemon [_thread_in_vm, id=11268, stack(0x000000cf83100000,0x000000cf83200000)] _threads_hazard_ptr=0x000002701ebdfb50

Stack: [0x000000cf83100000,0x000000cf83200000]
Native frames: (J=compiled Java code, j=interpreted, Vv=VM code, C=native code)
V  [jvm.dll+0x626eca]
V  [jvm.dll+0x772c6a]
V  [jvm.dll+0x77441f]
V  [jvm.dll+0x7749d7]
V  [jvm.dll+0x24d9dc]
V  [jvm.dll+0x24d943]
V  [jvm.dll+0x6160cf]
V  [jvm.dll+0x615e2d]
V  [jvm.dll+0x5df993]
V  [jvm.dll+0x76a37f]
V  [jvm.dll+0x4f8226]
V  [jvm.dll+0x77963d]
V  [jvm.dll+0x4de2fe]
V  [jvm.dll+0x4a2b10]
C  [jdwp.dll+0x7bbc]


---------------  P R O C E S S  ---------------

Threads class SMR info:
_java_thread_list=0x000002701ebdfb50, length=17, elements={
0x000002707ee11000, 0x000002701d50e000, 0x000002701d511800, 0x000002701d51c000,
0x000002701d52c800, 0x000002701d52f000, 0x000002701d535000, 0x000002701d561800,
0x000002701d4f0000, 0x000002701deec000, 0x000002701df48800, 0x000002701df4d800,
0x000002701df63000, 0x000002701e086800, 0x000002701ea57000, 0x000002701eb06000,
0x000002701eb8f800
}

Java Threads: ( => current thread )
  0x000002707ee11000 JavaThread "main" [_thread_blocked, id=7780, stack(0x000000cf82200000,0x000000cf82300000)]
  0x000002701d50e000 JavaThread "Reference Handler" daemon [_thread_blocked, id=12436, stack(0x000000cf82900000,0x000000cf82a00000)]
  0x000002701d511800 JavaThread "Finalizer" daemon [_thread_blocked, id=8016, stack(0x000000cf82a00000,0x000000cf82b00000)]
  0x000002701d51c000 JavaThread "Signal Dispatcher" daemon [_thread_blocked, id=13796, stack(0x000000cf82b00000,0x000000cf82c00000)]
  0x000002701d52c800 JavaThread "Attach Listener" daemon [_thread_blocked, id=9636, stack(0x000000cf82c00000,0x000000cf82d00000)]
  0x000002701d52f000 JavaThread "C2 CompilerThread0" daemon [_thread_blocked, id=6000, stack(0x000000cf82d00000,0x000000cf82e00000)]
  0x000002701d535000 JavaThread "C1 CompilerThread0" daemon [_thread_blocked, id=3476, stack(0x000000cf82e00000,0x000000cf82f00000)]
  0x000002701d561800 JavaThread "Sweeper thread" daemon [_thread_blocked, id=9320, stack(0x000000cf82f00000,0x000000cf83000000)]
  0x000002701d4f0000 JavaThread "Common-Cleaner" daemon [_thread_blocked, id=11616, stack(0x000000cf83000000,0x000000cf83100000)]
=>0x000002701deec000 JavaThread "JDWP Transport Listener: dt_socket" daemon [_thread_in_vm, id=11268, stack(0x000000cf83100000,0x000000cf83200000)] _threads_hazard_ptr=0x000002701ebdfb50
  0x000002701df48800 JavaThread "JDWP Event Helper Thread" daemon [_thread_blocked, id=13056, stack(0x000000cf83200000,0x000000cf83300000)]
  0x000002701df4d800 JavaThread "JDWP Command Reader" daemon [_thread_in_native, id=13336, stack(0x000000cf83300000,0x000000cf83400000)]
  0x000002701df63000 JavaThread "Service Thread" daemon [_thread_blocked, id=6272, stack(0x000000cf83400000,0x000000cf83500000)]
  0x000002701e086800 JavaThread "Exec Default Executor" daemon [_thread_in_native, id=14144, stack(0x000000cf83b00000,0x000000cf83c00000)]
  0x000002701ea57000 JavaThread "Exec Stream Pumper" daemon [_thread_in_native, id=8820, stack(0x000000cf83d00000,0x000000cf83e00000)]
  0x000002701eb06000 JavaThread "Exec Stream Pumper" daemon [_thread_in_native, id=4364, stack(0x000000cf83e00000,0x000000cf83f00000)]
  0x000002701eb8f800 JavaThread "Okio Watchdog" daemon [_thread_blocked, id=3068, stack(0x000000cf84200000,0x000000cf84300000)]

Other Threads:
  0x000002701d508000 VMThread "VM Thread" [stack: 0x000000cf82800000,0x000000cf82900000] [id=10452]
  0x000002701e085000 WatcherThread [stack: 0x000000cf83500000,0x000000cf83600000] [id=6076]
  0x000002707ee55800 GCTaskThread "GC Thread#0" [stack: 0x000000cf82300000,0x000000cf82400000] [id=3372]
  0x000002701ea2e000 GCTaskThread "GC Thread#1" [stack: 0x000000cf83800000,0x000000cf83900000] [id=700]
  0x000002701e8fe800 GCTaskThread "GC Thread#2" [stack: 0x000000cf83900000,0x000000cf83a00000] [id=9144]
  0x000002707ee67800 ConcurrentGCThread "G1 Main Marker" [stack: 0x000000cf82400000,0x000000cf82500000] [id=8056]
  0x000002707ee69000 ConcurrentGCThread "G1 Conc#0" [stack: 0x000000cf82500000,0x000000cf82600000] [id=12916]
  0x000002701d386800 ConcurrentGCThread "G1 Refine#0" [stack: 0x000000cf82600000,0x000000cf82700000] [id=104]
  0x000002701e72a800 ConcurrentGCThread "G1 Refine#1" [stack: 0x000000cf83a00000,0x000000cf83b00000] [id=372]
  0x000002701d387800 ConcurrentGCThread "G1 Young RemSet Sampling" [stack: 0x000000cf82700000,0x000000cf82800000] [id=9572]

Threads with active compile tasks:

VM state:not at safepoint (normal execution)

VM Mutex/Monitor currently owned by a thread: None

Heap address: 0x0000000081800000, size: 2024 MB, Compressed Oops mode: 32-bit
Narrow klass base: 0x0000000800000000, Narrow klass shift: 3
Compressed class space size: 1073741824 Address: 0x0000000800b40000

Heap:
 garbage-first heap   total 131072K, used 21804K [0x0000000081800000, 0x0000000100000000)
  region size 1024K, 18 young (18432K), 1 survivors (1024K)
 Metaspace       used 10757K, capacity 11301K, committed 11520K, reserved 1058816K
  class space    used 1280K, capacity 1468K, committed 1536K, reserved 1048576K
Heap Regions: E=young(eden), S=young(survivor), O=old, HS=humongous(starts), HC=humongous(continues), CS=collection set, F=free, A=archive, TAMS=top-at-mark-start (previous, next)
|   0|0x0000000081800000, 0x0000000081900000, 0x0000000081900000|100%|HS|  |TAMS 0x0000000081800000, 0x0000000081800000| Complete 
|   1|0x0000000081900000, 0x0000000081a00000, 0x0000000081a00000|100%| O|  |TAMS 0x0000000081900000, 0x0000000081900000| Untracked 
|   2|0x0000000081a00000, 0x0000000081b00000, 0x0000000081b00000|100%| O|  |TAMS 0x0000000081a00000, 0x0000000081a00000| Untracked 
|   3|0x0000000081b00000, 0x0000000081c00000, 0x0000000081c00000|100%| O|  |TAMS 0x0000000081b00000, 0x0000000081b00000| Untracked 
|   4|0x0000000081c00000, 0x0000000081cea400, 0x0000000081d00000| 91%| O|  |TAMS 0x0000000081c00000, 0x0000000081c00000| Untracked 
|   5|0x0000000081d00000, 0x0000000081d00000, 0x0000000081e00000|  0%| F|  |TAMS 0x0000000081d00000, 0x0000000081d00000| Untracked 
|   6|0x0000000081e00000, 0x0000000081e00000, 0x0000000081f00000|  0%| F|  |TAMS 0x0000000081e00000, 0x0000000081e00000| Untracked 
|   7|0x0000000081f00000, 0x0000000081f00000, 0x0000000082000000|  0%| F|  |TAMS 0x0000000081f00000, 0x0000000081f00000| Untracked 
|   8|0x0000000082000000, 0x0000000082000000, 0x0000000082100000|  0%| F|  |TAMS 0x0000000082000000, 0x0000000082000000| Untracked 
|   9|0x0000000082100000, 0x0000000082100000, 0x0000000082200000|  0%| F|  |TAMS 0x0000000082100000, 0x0000000082100000| Untracked 
|  10|0x0000000082200000, 0x0000000082200000, 0x0000000082300000|  0%| F|  |TAMS 0x0000000082200000, 0x0000000082200000| Untracked 
|  11|0x0000000082300000, 0x0000000082300000, 0x0000000082400000|  0%| F|  |TAMS 0x0000000082300000, 0x0000000082300000| Untracked 
|  12|0x0000000082400000, 0x0000000082400000, 0x0000000082500000|  0%| F|  |TAMS 0x0000000082400000, 0x0000000082400000| Untracked 
|  13|0x0000000082500000, 0x0000000082500000, 0x0000000082600000|  0%| F|  |TAMS 0x0000000082500000, 0x0000000082500000| Untracked 
|  14|0x0000000082600000, 0x0000000082600000, 0x0000000082700000|  0%| F|  |TAMS 0x0000000082600000, 0x0000000082600000| Untracked 
|  15|0x0000000082700000, 0x0000000082700000, 0x0000000082800000|  0%| F|  |TAMS 0x0000000082700000, 0x0000000082700000| Untracked 
|  16|0x0000000082800000, 0x0000000082800000, 0x0000000082900000|  0%| F|  |TAMS 0x0000000082800000, 0x0000000082800000| Untracked 
|  17|0x0000000082900000, 0x0000000082900000, 0x0000000082a00000|  0%| F|  |TAMS 0x0000000082900000, 0x0000000082900000| Untracked 
|  18|0x0000000082a00000, 0x0000000082a00000, 0x0000000082b00000|  0%| F|  |TAMS 0x0000000082a00000, 0x0000000082a00000| Untracked 
|  19|0x0000000082b00000, 0x0000000082b00000, 0x0000000082c00000|  0%| F|  |TAMS 0x0000000082b00000, 0x0000000082b00000| Untracked 
|  20|0x0000000082c00000, 0x0000000082c00000, 0x0000000082d00000|  0%| F|  |TAMS 0x0000000082c00000, 0x0000000082c00000| Untracked 
|  21|0x0000000082d00000, 0x0000000082d00000, 0x0000000082e00000|  0%| F|  |TAMS 0x0000000082d00000, 0x0000000082d00000| Untracked 
|  22|0x0000000082e00000, 0x0000000082e00000, 0x0000000082f00000|  0%| F|  |TAMS 0x0000000082e00000, 0x0000000082e00000| Untracked 
|  23|0x0000000082f00000, 0x0000000082f00000, 0x0000000083000000|  0%| F|  |TAMS 0x0000000082f00000, 0x0000000082f00000| Untracked 
|  24|0x0000000083000000, 0x0000000083000000, 0x0000000083100000|  0%| F|  |TAMS 0x0000000083000000, 0x0000000083000000| Untracked 
|  25|0x0000000083100000, 0x0000000083100000, 0x0000000083200000|  0%| F|  |TAMS 0x0000000083100000, 0x0000000083100000| Untracked 
|  26|0x0000000083200000, 0x0000000083200000, 0x0000000083300000|  0%| F|  |TAMS 0x0000000083200000, 0x0000000083200000| Untracked 
|  27|0x0000000083300000, 0x0000000083300000, 0x0000000083400000|  0%| F|  |TAMS 0x0000000083300000, 0x0000000083300000| Untracked 
|  28|0x0000000083400000, 0x0000000083400000, 0x0000000083500000|  0%| F|  |TAMS 0x0000000083400000, 0x0000000083400000| Untracked 
|  29|0x0000000083500000, 0x0000000083500000, 0x0000000083600000|  0%| F|  |TAMS 0x0000000083500000, 0x0000000083500000| Untracked 
|  30|0x0000000083600000, 0x0000000083600000, 0x0000000083700000|  0%| F|  |TAMS 0x0000000083600000, 0x0000000083600000| Untracked 
|  31|0x0000000083700000, 0x0000000083700000, 0x0000000083800000|  0%| F|  |TAMS 0x0000000083700000, 0x0000000083700000| Untracked 
|  32|0x0000000083800000, 0x0000000083800000, 0x0000000083900000|  0%| F|  |TAMS 0x0000000083800000, 0x0000000083800000| Untracked 
|  33|0x0000000083900000, 0x0000000083900000, 0x0000000083a00000|  0%| F|  |TAMS 0x0000000083900000, 0x0000000083900000| Untracked 
|  34|0x0000000083a00000, 0x0000000083a00000, 0x0000000083b00000|  0%| F|  |TAMS 0x0000000083a00000, 0x0000000083a00000| Untracked 
|  35|0x0000000083b00000, 0x0000000083b00000, 0x0000000083c00000|  0%| F|  |TAMS 0x0000000083b00000, 0x0000000083b00000| Untracked 
|  36|0x0000000083c00000, 0x0000000083c00000, 0x0000000083d00000|  0%| F|  |TAMS 0x0000000083c00000, 0x0000000083c00000| Untracked 
|  37|0x0000000083d00000, 0x0000000083d00000, 0x0000000083e00000|  0%| F|  |TAMS 0x0000000083d00000, 0x0000000083d00000| Untracked 
|  38|0x0000000083e00000, 0x0000000083e00000, 0x0000000083f00000|  0%| F|  |TAMS 0x0000000083e00000, 0x0000000083e00000| Untracked 
|  39|0x0000000083f00000, 0x0000000083f00000, 0x0000000084000000|  0%| F|  |TAMS 0x0000000083f00000, 0x0000000083f00000| Untracked 
|  40|0x0000000084000000, 0x0000000084000000, 0x0000000084100000|  0%| F|  |TAMS 0x0000000084000000, 0x0000000084000000| Untracked 
|  41|0x0000000084100000, 0x0000000084100000, 0x0000000084200000|  0%| F|  |TAMS 0x0000000084100000, 0x0000000084100000| Untracked 
|  42|0x0000000084200000, 0x0000000084200000, 0x0000000084300000|  0%| F|  |TAMS 0x0000000084200000, 0x0000000084200000| Untracked 
|  43|0x0000000084300000, 0x0000000084300000, 0x0000000084400000|  0%| F|  |TAMS 0x0000000084300000, 0x0000000084300000| Untracked 
|  44|0x0000000084400000, 0x0000000084400000, 0x0000000084500000|  0%| F|  |TAMS 0x0000000084400000, 0x0000000084400000| Untracked 
|  45|0x0000000084500000, 0x0000000084500000, 0x0000000084600000|  0%| F|  |TAMS 0x0000000084500000, 0x0000000084500000| Untracked 
|  46|0x0000000084600000, 0x0000000084600000, 0x0000000084700000|  0%| F|  |TAMS 0x0000000084600000, 0x0000000084600000| Untracked 
|  47|0x0000000084700000, 0x0000000084700000, 0x0000000084800000|  0%| F|  |TAMS 0x0000000084700000, 0x0000000084700000| Untracked 
|  48|0x0000000084800000, 0x0000000084800000, 0x0000000084900000|  0%| F|  |TAMS 0x0000000084800000, 0x0000000084800000| Untracked 
|  49|0x0000000084900000, 0x0000000084900000, 0x0000000084a00000|  0%| F|  |TAMS 0x0000000084900000, 0x0000000084900000| Untracked 
|  50|0x0000000084a00000, 0x0000000084a00000, 0x0000000084b00000|  0%| F|  |TAMS 0x0000000084a00000, 0x0000000084a00000| Untracked 
|  51|0x0000000084b00000, 0x0000000084b00000, 0x0000000084c00000|  0%| F|  |TAMS 0x0000000084b00000, 0x0000000084b00000| Untracked 
|  52|0x0000000084c00000, 0x0000000084c00000, 0x0000000084d00000|  0%| F|  |TAMS 0x0000000084c00000, 0x0000000084c00000| Untracked 
|  53|0x0000000084d00000, 0x0000000084d00000, 0x0000000084e00000|  0%| F|  |TAMS 0x0000000084d00000, 0x0000000084d00000| Untracked 
|  54|0x0000000084e00000, 0x0000000084e00000, 0x0000000084f00000|  0%| F|  |TAMS 0x0000000084e00000, 0x0000000084e00000| Untracked 
|  55|0x0000000084f00000, 0x0000000084f00000, 0x0000000085000000|  0%| F|  |TAMS 0x0000000084f00000, 0x0000000084f00000| Untracked 
|  56|0x0000000085000000, 0x0000000085000000, 0x0000000085100000|  0%| F|  |TAMS 0x0000000085000000, 0x0000000085000000| Untracked 
|  57|0x0000000085100000, 0x0000000085100000, 0x0000000085200000|  0%| F|  |TAMS 0x0000000085100000, 0x0000000085100000| Untracked 
|  58|0x0000000085200000, 0x0000000085200000, 0x0000000085300000|  0%| F|  |TAMS 0x0000000085200000, 0x0000000085200000| Untracked 
|  59|0x0000000085300000, 0x0000000085300000, 0x0000000085400000|  0%| F|  |TAMS 0x0000000085300000, 0x0000000085300000| Untracked 
|  60|0x0000000085400000, 0x0000000085400000, 0x0000000085500000|  0%| F|  |TAMS 0x0000000085400000, 0x0000000085400000| Untracked 
|  61|0x0000000085500000, 0x0000000085500000, 0x0000000085600000|  0%| F|  |TAMS 0x0000000085500000, 0x0000000085500000| Untracked 
|  62|0x0000000085600000, 0x0000000085600000, 0x0000000085700000|  0%| F|  |TAMS 0x0000000085600000, 0x0000000085600000| Untracked 
|  63|0x0000000085700000, 0x0000000085700000, 0x0000000085800000|  0%| F|  |TAMS 0x0000000085700000, 0x0000000085700000| Untracked 
|  64|0x0000000085800000, 0x0000000085800000, 0x0000000085900000|  0%| F|  |TAMS 0x0000000085800000, 0x0000000085800000| Untracked 
|  65|0x0000000085900000, 0x0000000085900000, 0x0000000085a00000|  0%| F|  |TAMS 0x0000000085900000, 0x0000000085900000| Untracked 
|  66|0x0000000085a00000, 0x0000000085a00000, 0x0000000085b00000|  0%| F|  |TAMS 0x0000000085a00000, 0x0000000085a00000| Untracked 
|  67|0x0000000085b00000, 0x0000000085b00000, 0x0000000085c00000|  0%| F|  |TAMS 0x0000000085b00000, 0x0000000085b00000| Untracked 
|  68|0x0000000085c00000, 0x0000000085c00000, 0x0000000085d00000|  0%| F|  |TAMS 0x0000000085c00000, 0x0000000085c00000| Untracked 
|  69|0x0000000085d00000, 0x0000000085d00000, 0x0000000085e00000|  0%| F|  |TAMS 0x0000000085d00000, 0x0000000085d00000| Untracked 
|  70|0x0000000085e00000, 0x0000000085e00000, 0x0000000085f00000|  0%| F|  |TAMS 0x0000000085e00000, 0x0000000085e00000| Untracked 
|  71|0x0000000085f00000, 0x0000000085f00000, 0x0000000086000000|  0%| F|  |TAMS 0x0000000085f00000, 0x0000000085f00000| Untracked 
|  72|0x0000000086000000, 0x0000000086000000, 0x0000000086100000|  0%| F|  |TAMS 0x0000000086000000, 0x0000000086000000| Untracked 
|  73|0x0000000086100000, 0x0000000086100000, 0x0000000086200000|  0%| F|  |TAMS 0x0000000086100000, 0x0000000086100000| Untracked 
|  74|0x0000000086200000, 0x0000000086200000, 0x0000000086300000|  0%| F|  |TAMS 0x0000000086200000, 0x0000000086200000| Untracked 
|  75|0x0000000086300000, 0x0000000086300000, 0x0000000086400000|  0%| F|  |TAMS 0x0000000086300000, 0x0000000086300000| Untracked 
|  76|0x0000000086400000, 0x0000000086400000, 0x0000000086500000|  0%| F|  |TAMS 0x0000000086400000, 0x0000000086400000| Untracked 
|  77|0x0000000086500000, 0x0000000086500000, 0x0000000086600000|  0%| F|  |TAMS 0x0000000086500000, 0x0000000086500000| Untracked 
|  78|0x0000000086600000, 0x0000000086600000, 0x0000000086700000|  0%| F|  |TAMS 0x0000000086600000, 0x0000000086600000| Untracked 
|  79|0x0000000086700000, 0x0000000086700000, 0x0000000086800000|  0%| F|  |TAMS 0x0000000086700000, 0x0000000086700000| Untracked 
|  80|0x0000000086800000, 0x0000000086800000, 0x0000000086900000|  0%| F|  |TAMS 0x0000000086800000, 0x0000000086800000| Untracked 
|  81|0x0000000086900000, 0x0000000086900000, 0x0000000086a00000|  0%| F|  |TAMS 0x0000000086900000, 0x0000000086900000| Untracked 
|  82|0x0000000086a00000, 0x0000000086a00000, 0x0000000086b00000|  0%| F|  |TAMS 0x0000000086a00000, 0x0000000086a00000| Untracked 
|  83|0x0000000086b00000, 0x0000000086b00000, 0x0000000086c00000|  0%| F|  |TAMS 0x0000000086b00000, 0x0000000086b00000| Untracked 
|  84|0x0000000086c00000, 0x0000000086c00000, 0x0000000086d00000|  0%| F|  |TAMS 0x0000000086c00000, 0x0000000086c00000| Untracked 
|  85|0x0000000086d00000, 0x0000000086d00000, 0x0000000086e00000|  0%| F|  |TAMS 0x0000000086d00000, 0x0000000086d00000| Untracked 
|  86|0x0000000086e00000, 0x0000000086e00000, 0x0000000086f00000|  0%| F|  |TAMS 0x0000000086e00000, 0x0000000086e00000| Untracked 
|  87|0x0000000086f00000, 0x0000000086f00000, 0x0000000087000000|  0%| F|  |TAMS 0x0000000086f00000, 0x0000000086f00000| Untracked 
|  88|0x0000000087000000, 0x0000000087000000, 0x0000000087100000|  0%| F|  |TAMS 0x0000000087000000, 0x0000000087000000| Untracked 
|  89|0x0000000087100000, 0x0000000087100000, 0x0000000087200000|  0%| F|  |TAMS 0x0000000087100000, 0x0000000087100000| Untracked 
|  90|0x0000000087200000, 0x0000000087200000, 0x0000000087300000|  0%| F|  |TAMS 0x0000000087200000, 0x0000000087200000| Untracked 
|  91|0x0000000087300000, 0x0000000087300000, 0x0000000087400000|  0%| F|  |TAMS 0x0000000087300000, 0x0000000087300000| Untracked 
|  92|0x0000000087400000, 0x0000000087400000, 0x0000000087500000|  0%| F|  |TAMS 0x0000000087400000, 0x0000000087400000| Untracked 
|  93|0x0000000087500000, 0x0000000087500000, 0x0000000087600000|  0%| F|  |TAMS 0x0000000087500000, 0x0000000087500000| Untracked 
|  94|0x0000000087600000, 0x0000000087600000, 0x0000000087700000|  0%| F|  |TAMS 0x0000000087600000, 0x0000000087600000| Untracked 
|  95|0x0000000087700000, 0x0000000087700000, 0x0000000087800000|  0%| F|  |TAMS 0x0000000087700000, 0x0000000087700000| Untracked 
|  96|0x0000000087800000, 0x0000000087800000, 0x0000000087900000|  0%| F|  |TAMS 0x0000000087800000, 0x0000000087800000| Untracked 
|  97|0x0000000087900000, 0x0000000087900000, 0x0000000087a00000|  0%| F|  |TAMS 0x0000000087900000, 0x0000000087900000| Untracked 
|  98|0x0000000087a00000, 0x0000000087a00000, 0x0000000087b00000|  0%| F|  |TAMS 0x0000000087a00000, 0x0000000087a00000| Untracked 
|  99|0x0000000087b00000, 0x0000000087b00000, 0x0000000087c00000|  0%| F|  |TAMS 0x0000000087b00000, 0x0000000087b00000| Untracked 
| 100|0x0000000087c00000, 0x0000000087c00000, 0x0000000087d00000|  0%| F|  |TAMS 0x0000000087c00000, 0x0000000087c00000| Untracked 
| 101|0x0000000087d00000, 0x0000000087d00000, 0x0000000087e00000|  0%| F|  |TAMS 0x0000000087d00000, 0x0000000087d00000| Untracked 
| 102|0x0000000087e00000, 0x0000000087e00000, 0x0000000087f00000|  0%| F|  |TAMS 0x0000000087e00000, 0x0000000087e00000| Untracked 
| 103|0x0000000087f00000, 0x0000000087f00000, 0x0000000088000000|  0%| F|  |TAMS 0x0000000087f00000, 0x0000000087f00000| Untracked 
| 104|0x0000000088000000, 0x0000000088000000, 0x0000000088100000|  0%| F|  |TAMS 0x0000000088000000, 0x0000000088000000| Untracked 
| 105|0x0000000088100000, 0x0000000088100000, 0x0000000088200000|  0%| F|  |TAMS 0x0000000088100000, 0x0000000088100000| Untracked 
| 106|0x0000000088200000, 0x0000000088200000, 0x0000000088300000|  0%| F|  |TAMS 0x0000000088200000, 0x0000000088200000| Untracked 
| 107|0x0000000088300000, 0x0000000088300000, 0x0000000088400000|  0%| F|  |TAMS 0x0000000088300000, 0x0000000088300000| Untracked 
| 108|0x0000000088400000, 0x0000000088400000, 0x0000000088500000|  0%| F|  |TAMS 0x0000000088400000, 0x0000000088400000| Untracked 
| 109|0x0000000088500000, 0x0000000088500000, 0x0000000088600000|  0%| F|  |TAMS 0x0000000088500000, 0x0000000088500000| Untracked 
| 110|0x0000000088600000, 0x00000000886487d8, 0x0000000088700000| 28%| E|  |TAMS 0x0000000088600000, 0x0000000088600000| Complete 
| 111|0x0000000088700000, 0x0000000088800000, 0x0000000088800000|100%| E|CS|TAMS 0x0000000088700000, 0x0000000088700000| Complete 
| 112|0x0000000088800000, 0x0000000088900000, 0x0000000088900000|100%| E|CS|TAMS 0x0000000088800000, 0x0000000088800000| Complete 
| 113|0x0000000088900000, 0x0000000088a00000, 0x0000000088a00000|100%| E|CS|TAMS 0x0000000088900000, 0x0000000088900000| Complete 
| 114|0x0000000088a00000, 0x0000000088b00000, 0x0000000088b00000|100%| E|CS|TAMS 0x0000000088a00000, 0x0000000088a00000| Complete 
| 115|0x0000000088b00000, 0x0000000088c00000, 0x0000000088c00000|100%| E|CS|TAMS 0x0000000088b00000, 0x0000000088b00000| Complete 
| 116|0x0000000088c00000, 0x0000000088d00000, 0x0000000088d00000|100%| E|CS|TAMS 0x0000000088c00000, 0x0000000088c00000| Complete 
| 117|0x0000000088d00000, 0x0000000088e00000, 0x0000000088e00000|100%| E|CS|TAMS 0x0000000088d00000, 0x0000000088d00000| Complete 
| 118|0x0000000088e00000, 0x0000000088f00000, 0x0000000088f00000|100%| E|CS|TAMS 0x0000000088e00000, 0x0000000088e00000| Complete 
| 119|0x0000000088f00000, 0x0000000089000000, 0x0000000089000000|100%| E|CS|TAMS 0x0000000088f00000, 0x0000000088f00000| Complete 
| 120|0x0000000089000000, 0x0000000089100000, 0x0000000089100000|100%| E|CS|TAMS 0x0000000089000000, 0x0000000089000000| Complete 
| 121|0x0000000089100000, 0x0000000089200000, 0x0000000089200000|100%| E|CS|TAMS 0x0000000089100000, 0x0000000089100000| Complete 
| 122|0x0000000089200000, 0x0000000089260f90, 0x0000000089300000| 37%| S|CS|TAMS 0x0000000089200000, 0x0000000089200000| Complete 
| 123|0x0000000089300000, 0x0000000089400000, 0x0000000089400000|100%| E|CS|TAMS 0x0000000089300000, 0x0000000089300000| Complete 
| 124|0x0000000089400000, 0x0000000089500000, 0x0000000089500000|100%| E|CS|TAMS 0x0000000089400000, 0x0000000089400000| Complete 
| 125|0x0000000089500000, 0x0000000089600000, 0x0000000089600000|100%| E|CS|TAMS 0x0000000089500000, 0x0000000089500000| Complete 
| 126|0x0000000089600000, 0x0000000089700000, 0x0000000089700000|100%| E|CS|TAMS 0x0000000089600000, 0x0000000089600000| Complete 
| 127|0x0000000089700000, 0x0000000089800000, 0x0000000089800000|100%| E|CS|TAMS 0x0000000089700000, 0x0000000089700000| Complete 

Card table byte_map: [0x000002707f2e0000,0x000002707f6e0000] _byte_map_base: 0x000002707eed4000

Marking Bits (Prev, Next): (CMBitMap*) 0x000002707ee57258, (CMBitMap*) 0x000002707ee57298
 Prev Bits: [0x0000027017430000, 0x00000270193d0000)
 Next Bits: [0x00000270193d0000, 0x000002701b370000)

Polling page: 0x000002707cc80000

Metaspace:

Usage:
  Non-class:      9.60 MB capacity,     9.25 MB ( 96%) used,   312.05 KB (  3%) free+waste,    44.38 KB ( <1%) overhead. 
      Class:      1.43 MB capacity,     1.25 MB ( 87%) used,   164.99 KB ( 11%) free+waste,    22.50 KB (  2%) overhead. 
       Both:     11.04 MB capacity,    10.50 MB ( 95%) used,   477.04 KB (  4%) free+waste,    66.88 KB ( <1%) overhead. 

Virtual space:
  Non-class space:       10.00 MB reserved,       9.75 MB ( 98%) committed 
      Class space:        1.00 GB reserved,       1.50 MB ( <1%) committed 
             Both:        1.01 GB reserved,      11.25 MB (  1%) committed 

Chunk freelists:
   Non-Class:  23.00 KB
       Class:  4.00 KB
        Both:  27.00 KB

MaxMetaspaceSize: 17179869184.00 GB
CompressedClassSpaceSize: 1.00 GB

CodeHeap 'non-profiled nmethods': size=120064Kb used=616Kb max_used=616Kb free=119447Kb
 bounds [0x000002700fef0000, 0x0000027010160000, 0x0000027017430000]
CodeHeap 'profiled nmethods': size=120000Kb used=3791Kb max_used=3791Kb free=116208Kb
 bounds [0x00000270089c0000, 0x0000027008d80000, 0x000002700fef0000]
CodeHeap 'non-nmethods': size=5696Kb used=1300Kb max_used=1318Kb free=4395Kb
 bounds [0x0000027008430000, 0x00000270086a0000, 0x00000270089c0000]
 total_blobs=2987 nmethods=1856 adapters=385
 compilation: enabled
              stopped_count=0, restarted_count=0
 full_count=0

Compilation events (20 events):
Event: 26.244 Thread 0x000002701d535000 nmethod 1846 0x0000027008d6f010 code [0x0000027008d6f200, 0x0000027008d6f6b0]
Event: 26.244 Thread 0x000002701d52f000 nmethod 1839 0x000002700ff88e90 code [0x000002700ff89040, 0x000002700ff892c8]
Event: 26.244 Thread 0x000002701d52f000 1847       4       sun.nio.ch.NioSocketImpl::park (32 bytes)
Event: 26.245 Thread 0x000002701d52f000 nmethod 1847 0x000002700ff89510 code [0x000002700ff896a0, 0x000002700ff898a8]
Event: 26.257 Thread 0x000002701d535000 1848       3       org.openqa.selenium.json.JsonInput::hasNext (97 bytes)
Event: 26.259 Thread 0x000002701d535000 nmethod 1848 0x0000027008d6f890 code [0x0000027008d6fc20, 0x0000027008d70fe0]
Event: 26.260 Thread 0x000002701d535000 1849       3       sun.util.locale.BaseLocale::equals (71 bytes)
Event: 26.260 Thread 0x000002701d535000 nmethod 1849 0x0000027008d71710 code [0x0000027008d718e0, 0x0000027008d71e38]
Event: 26.260 Thread 0x000002701d535000 1850       3       okhttp3.HttpUrl$Builder::effectivePort (23 bytes)
Event: 26.260 Thread 0x000002701d535000 nmethod 1850 0x0000027008d71f10 code [0x0000027008d720e0, 0x0000027008d72440]
Event: 26.260 Thread 0x000002701d535000 1851       3       okhttp3.internal.http.RealInterceptorChain::<init> (68 bytes)
Event: 26.260 Thread 0x000002701d535000 nmethod 1851 0x0000027008d72590 code [0x0000027008d72760, 0x0000027008d72bf8]
Event: 26.275 Thread 0x000002701d535000 1852       3       java.lang.Math::max (12 bytes)
Event: 26.275 Thread 0x000002701d535000 nmethod 1852 0x0000027008d72d10 code [0x0000027008d72ec0, 0x0000027008d73058]
Event: 26.275 Thread 0x000002701d535000 1853       3       com.google.common.collect.ImmutableList::<init> (5 bytes)
Event: 26.276 Thread 0x000002701d535000 nmethod 1853 0x0000027008d73110 code [0x0000027008d732c0, 0x0000027008d73558]
Event: 26.276 Thread 0x000002701d535000 1854       1       org.openqa.selenium.remote.SessionId::toString (5 bytes)
Event: 26.276 Thread 0x000002701d535000 nmethod 1854 0x000002700ff89a10 code [0x000002700ff89ba0, 0x000002700ff89cd8]
Event: 1681.888 Thread 0x000002701d535000 1855       3       java.lang.ref.ReferenceQueue::reallyPoll (65 bytes)
Event: 1681.891 Thread 0x000002701d535000 nmethod 1855 0x0000027008d73690 code [0x0000027008d73860, 0x0000027008d73df8]

GC Heap History (4 events):
Event: 1.012 GC heap before
{Heap before GC invocations=0 (full 0):
 garbage-first heap   total 131072K, used 15360K [0x0000000081800000, 0x0000000100000000)
  region size 1024K, 14 young (14336K), 0 survivors (0K)
 Metaspace       used 5838K, capacity 6078K, committed 6144K, reserved 1056768K
  class space    used 650K, capacity 730K, committed 768K, reserved 1048576K
}
Event: 1.018 GC heap after
{Heap after GC invocations=1 (full 0):
 garbage-first heap   total 131072K, used 4947K [0x0000000081800000, 0x0000000100000000)
  region size 1024K, 2 young (2048K), 2 survivors (2048K)
 Metaspace       used 5838K, capacity 6078K, committed 6144K, reserved 1056768K
  class space    used 650K, capacity 730K, committed 768K, reserved 1048576K
}
Event: 1.860 GC heap before
{Heap before GC invocations=1 (full 0):
 garbage-first heap   total 131072K, used 10067K [0x0000000081800000, 0x0000000100000000)
  region size 1024K, 7 young (7168K), 2 survivors (2048K)
 Metaspace       used 7048K, capacity 7332K, committed 7552K, reserved 1056768K
  class space    used 792K, capacity 889K, committed 896K, reserved 1048576K
}
Event: 1.869 GC heap after
{Heap after GC invocations=2 (full 0):
 garbage-first heap   total 131072K, used 5420K [0x0000000081800000, 0x0000000100000000)
  region size 1024K, 1 young (1024K), 1 survivors (1024K)
 Metaspace       used 7048K, capacity 7332K, committed 7552K, reserved 1056768K
  class space    used 792K, capacity 889K, committed 896K, reserved 1048576K
}

Deoptimization events (20 events):
Event: 26.242 Thread 0x000002707ee11000 DEOPT PACKING pc=0x0000027008d35504 sp=0x000000cf822fe310
Event: 26.242 Thread 0x000002707ee11000 DEOPT UNPACKING pc=0x000002700847964e sp=0x000000cf822fd860 mode 1
Event: 26.242 Thread 0x000002707ee11000 DEOPT PACKING pc=0x0000027008ce899c sp=0x000000cf822fe420
Event: 26.242 Thread 0x000002707ee11000 DEOPT UNPACKING pc=0x000002700847964e sp=0x000000cf822fd990 mode 1
Event: 26.242 Thread 0x000002707ee11000 DEOPT PACKING pc=0x0000027008d35504 sp=0x000000cf822fe390
Event: 26.242 Thread 0x000002707ee11000 DEOPT UNPACKING pc=0x000002700847964e sp=0x000000cf822fd8e0 mode 1
Event: 26.242 Thread 0x000002707ee11000 DEOPT PACKING pc=0x0000027008ce899c sp=0x000000cf822fe4a0
Event: 26.242 Thread 0x000002707ee11000 DEOPT UNPACKING pc=0x000002700847964e sp=0x000000cf822fda10 mode 1
Event: 26.242 Thread 0x000002707ee11000 DEOPT PACKING pc=0x0000027008d35504 sp=0x000000cf822fe310
Event: 26.242 Thread 0x000002707ee11000 DEOPT UNPACKING pc=0x000002700847964e sp=0x000000cf822fd860 mode 1
Event: 26.242 Thread 0x000002707ee11000 DEOPT PACKING pc=0x0000027008ce899c sp=0x000000cf822fe420
Event: 26.242 Thread 0x000002707ee11000 DEOPT UNPACKING pc=0x000002700847964e sp=0x000000cf822fd990 mode 1
Event: 26.242 Thread 0x000002707ee11000 DEOPT PACKING pc=0x0000027008d35504 sp=0x000000cf822fe390
Event: 26.242 Thread 0x000002707ee11000 DEOPT UNPACKING pc=0x000002700847964e sp=0x000000cf822fd8e0 mode 1
Event: 26.242 Thread 0x000002707ee11000 DEOPT PACKING pc=0x0000027008ce899c sp=0x000000cf822fe4a0
Event: 26.242 Thread 0x000002707ee11000 DEOPT UNPACKING pc=0x000002700847964e sp=0x000000cf822fda10 mode 1
Event: 26.242 Thread 0x000002707ee11000 DEOPT PACKING pc=0x0000027008d35504 sp=0x000000cf822fe310
Event: 26.242 Thread 0x000002707ee11000 DEOPT UNPACKING pc=0x000002700847964e sp=0x000000cf822fd860 mode 1
Event: 26.242 Thread 0x000002707ee11000 DEOPT PACKING pc=0x0000027008ce899c sp=0x000000cf822fe420
Event: 26.242 Thread 0x000002707ee11000 DEOPT UNPACKING pc=0x000002700847964e sp=0x000000cf822fd990 mode 1

Classes unloaded (0 events):
No events

Classes redefined (4 events):
Event: 351.660 Thread 0x000002701d508000 redefined class name=wedDriver.Orange_Myinfo, count=1
Event: 2314.981 Thread 0x000002701d508000 redefined class name=wedDriver.Orange_Myinfo, count=2
Event: 2544.116 Thread 0x000002701d508000 redefined class name=wedDriver.Orange_Myinfo, count=3
Event: 2615.073 Thread 0x000002701d508000 redefined class name=wedDriver.Orange_Myinfo, count=4

Internal exceptions (20 events):
Event: 0.988 Thread 0x000002707ee11000 Exception <a 'java/lang/NoSuchMethodError'{0x0000000088a01ae8}: 'void java.lang.invoke.DirectMethodHandle$Holder.invokeStaticInit(java.lang.Object, java.lang.Object)'> (0x0000000088a01ae8) 
thrown [t:/workspace/open/src/hotspot/share/interpreter/linkResolver.cpp, line 767]
Event: 0.989 Thread 0x000002707ee11000 Exception <a 'java/lang/NoSuchMethodError'{0x0000000088a06ca8}: 'int java.lang.invoke.DirectMethodHandle$Holder.invokeStaticInit(java.lang.Object, java.lang.Object)'> (0x0000000088a06ca8) 
thrown [t:/workspace/open/src/hotspot/share/interpreter/linkResolver.cpp, line 767]
Event: 1.223 Thread 0x000002707ee11000 Exception <a 'java/lang/NoSuchMethodError'{0x0000000089509ad8}: 'java.lang.Object java.lang.invoke.DirectMethodHandle$Holder.invokeStaticInit(java.lang.Object, java.lang.Object, int, int, int, int)'> (0x0000000089509ad8) 
thrown [t:/workspace/open/src/hotspot/share/interpreter/linkResolver.cpp, line 767]
Event: 1.280 Thread 0x000002701e086800 Exception <a 'java/lang/NoSuchMethodError'{0x000000008948d600}: 'void java.lang.invoke.DirectMethodHandle$Holder.invokeStatic(java.lang.Object, long)'> (0x000000008948d600) 
thrown [t:/workspace/open/src/hotspot/share/interpreter/linkResolver.cpp, line 767]
Event: 1.283 Thread 0x000002701e086800 Exception <a 'java/lang/NoSuchMethodError'{0x0000000089497ea0}: 'java.lang.Object java.lang.invoke.DirectMethodHandle$Holder.invokeStaticInit(java.lang.Object, java.lang.Object, long, java.lang.Object)'> (0x0000000089497ea0) 
thrown [t:/workspace/open/src/hotspot/share/interpreter/linkResolver.cpp, line 767]
Event: 1.284 Thread 0x000002701e086800 Exception <a 'java/lang/NoSuchMethodError'{0x000000008949da68}: 'java.lang.Object java.lang.invoke.Invokers$Holder.linkToTargetMethod(java.lang.Object, long, java.lang.Object)'> (0x000000008949da68) 
thrown [t:/workspace/open/src/hotspot/share/interpreter/linkResolver.cpp, line 767]
Event: 1.847 Thread 0x000002707ee11000 Exception <a 'java/lang/NoSuchMethodError'{0x00000000893cff48}: 'java.lang.Object java.lang.invoke.DirectMethodHandle$Holder.invokeInterface(java.lang.Object, java.lang.Object, java.lang.Object)'> (0x00000000893cff48) 
thrown [t:/workspace/open/src/hotspot/share/interpreter/linkResolver.cpp, line 767]
Event: 1.848 Thread 0x000002707ee11000 Exception <a 'java/lang/IncompatibleClassChangeError'{0x00000000893d2d10}: Found class java.lang.Object, but interface was expected> (0x00000000893d2d10) 
thrown [t:/workspace/open/src/hotspot/share/interpreter/linkResolver.cpp, line 833]
Event: 1.850 Thread 0x000002707ee11000 Exception <a 'java/lang/NoSuchMethodError'{0x00000000893dacb8}: 'int java.lang.invoke.DirectMethodHandle$Holder.invokeSpecialIFC(java.lang.Object, java.lang.Object, java.lang.Object, java.lang.Object)'> (0x00000000893dacb8) 
thrown [t:/workspace/open/src/hotspot/share/interpreter/linkResolver.cpp, line 767]
Event: 1.853 Thread 0x000002707ee11000 Exception <a 'java/lang/NoSuchMethodError'{0x00000000893e29f0}: 'java.lang.Object java.lang.invoke.DirectMethodHandle$Holder.invokeInterface(java.lang.Object, java.lang.Object, java.lang.Object, java.lang.Object)'> (0x00000000893e29f0) 
thrown [t:/workspace/open/src/hotspot/share/interpreter/linkResolver.cpp, line 767]
Event: 1.873 Thread 0x000002707ee11000 Exception <a 'java/lang/NoSuchMethodError'{0x0000000089705e40}: 'java.lang.Object java.lang.invoke.DirectMethodHandle$Holder.invokeVirtual(java.lang.Object, java.lang.Object, java.lang.Object)'> (0x0000000089705e40) 
thrown [t:/workspace/open/src/hotspot/share/interpreter/linkResolver.cpp, line 767]
Event: 1.906 Thread 0x000002707ee11000 Exception <a 'java/lang/NoSuchMethodError'{0x00000000897c60b0}: 'int java.lang.invoke.DirectMethodHandle$Holder.invokeVirtual(java.lang.Object, java.lang.Object)'> (0x00000000897c60b0) 
thrown [t:/workspace/open/src/hotspot/share/interpreter/linkResolver.cpp, line 767]
Event: 1.907 Thread 0x000002707ee11000 Exception <a 'java/lang/NoSuchMethodError'{0x00000000897ee730}: 'double java.lang.invoke.DirectMethodHandle$Holder.invokeVirtual(java.lang.Object, java.lang.Object)'> (0x00000000897ee730) 
thrown [t:/workspace/open/src/hotspot/share/interpreter/linkResolver.cpp, line 767]
Event: 1.907 Thread 0x000002707ee11000 Exception <a 'java/lang/NoSuchMethodError'{0x00000000897f3e30}: 'float java.lang.invoke.DirectMethodHandle$Holder.invokeVirtual(java.lang.Object, java.lang.Object)'> (0x00000000897f3e30) 
thrown [t:/workspace/open/src/hotspot/share/interpreter/linkResolver.cpp, line 767]
Event: 1.909 Thread 0x000002707ee11000 Exception <a 'java/lang/NoSuchMethodError'{0x00000000897fb668}: 'long java.lang.invoke.DirectMethodHandle$Holder.invokeVirtual(java.lang.Object, java.lang.Object)'> (0x00000000897fb668) 
thrown [t:/workspace/open/src/hotspot/share/interpreter/linkResolver.cpp, line 767]
Event: 2.003 Thread 0x000002707ee11000 Exception <a 'java/lang/NoSuchMethodError'{0x000000008931a2b8}: 'void java.lang.invoke.DirectMethodHandle$Holder.invokeStatic(java.lang.Object, java.lang.Object, java.lang.Object, java.lang.Object, java.lang.Object)'> (0x000000008931a2b8) 
thrown [t:/workspace/open/src/hotspot/share/interpreter/linkResolver.cpp, line 767]
Event: 2.089 Thread 0x000002707ee11000 Exception <a 'java/lang/NoSuchMethodError'{0x0000000088f601d0}: 'void java.lang.invoke.DirectMethodHandle$Holder.invokeStatic(java.lang.Object, java.lang.Object, java.lang.Object, java.lang.Object)'> (0x0000000088f601d0) 
thrown [t:/workspace/open/src/hotspot/share/interpreter/linkResolver.cpp, line 767]
Event: 6.789 Thread 0x000002707ee11000 Exception <a 'java/lang/NoSuchMethodError'{0x0000000088ee7c98}: 'java.lang.Object java.lang.invoke.DirectMethodHandle$Holder.invokeSpecialIFC(java.lang.Object, java.lang.Object, java.lang.Object)'> (0x0000000088ee7c98) 
thrown [t:/workspace/open/src/hotspot/share/interpreter/linkResolver.cpp, line 767]
Event: 6.826 Thread 0x000002707ee11000 Exception <a 'java/lang/ClassNotFoundException'{0x0000000088dd1720}: sun/util/logging/resources/spi/loggingProvider> (0x0000000088dd1720) 
thrown [t:/workspace/open/src/hotspot/share/classfile/systemDictionary.cpp, line 232]
Event: 2666.938 Thread 0x000002701deec000 Exception <a 'java/lang/LinkageError'{0x0000000088612f80}> (0x0000000088612f80) 
thrown [t:/workspace/open/src/hotspot/share/oops/generateOopMap.cpp, line 2140]

Events (20 events):
Event: 2641.203 Executing VM operation: GetCurrentContendedMonitor
Event: 2641.203 Executing VM operation: GetCurrentContendedMonitor done
Event: 2641.203 Executing VM operation: GetOwnedMonitorInfo
Event: 2641.203 Executing VM operation: GetOwnedMonitorInfo done
Event: 2665.682 Executing VM operation: GetCurrentContendedMonitor
Event: 2665.682 Executing VM operation: GetCurrentContendedMonitor done
Event: 2665.682 Executing VM operation: GetOwnedMonitorInfo
Event: 2665.682 Executing VM operation: GetOwnedMonitorInfo done
Event: 2666.712 Executing VM operation: GetFrameCount
Event: 2666.712 Executing VM operation: GetFrameCount done
Event: 2666.712 Executing VM operation: GetOwnedMonitorInfo
Event: 2666.712 Executing VM operation: GetOwnedMonitorInfo done
Event: 2666.712 Executing VM operation: GetCurrentContendedMonitor
Event: 2666.712 Executing VM operation: GetCurrentContendedMonitor done
Event: 2666.936 Executing VM operation: GetFrameCount
Event: 2666.936 Executing VM operation: GetFrameCount done
Event: 2666.936 Executing VM operation: GetOwnedMonitorInfo
Event: 2666.936 Executing VM operation: GetOwnedMonitorInfo done
Event: 2666.937 Executing VM operation: GetCurrentContendedMonitor
Event: 2666.937 Executing VM operation: GetCurrentContendedMonitor done


Dynamic libraries:
0x00007ff7677e0000 - 0x00007ff7677ef000 	C:\Program Files\Java\jdk-13.0.1\bin\javaw.exe
0x00007ffa72360000 - 0x00007ffa72550000 	C:\WINDOWS\SYSTEM32\ntdll.dll
0x00007ffa71180000 - 0x00007ffa71232000 	C:\WINDOWS\System32\KERNEL32.DLL
0x00007ffa6fd30000 - 0x00007ffa6ffd3000 	C:\WINDOWS\System32\KERNELBASE.dll
0x00007ffa6fb90000 - 0x00007ffa6fc8a000 	C:\WINDOWS\System32\ucrtbase.dll
0x00007ffa511e0000 - 0x00007ffa511f8000 	C:\Program Files\Java\jdk-13.0.1\bin\jli.dll
0x00007ffa511c0000 - 0x00007ffa511d5000 	C:\Program Files\Java\jdk-13.0.1\bin\VCRUNTIME140.dll
0x00007ffa721f0000 - 0x00007ffa72293000 	C:\WINDOWS\System32\ADVAPI32.dll
0x00007ffa708d0000 - 0x00007ffa7096e000 	C:\WINDOWS\System32\msvcrt.dll
0x00007ffa70830000 - 0x00007ffa708c7000 	C:\WINDOWS\System32\sechost.dll
0x00007ffa70410000 - 0x00007ffa70530000 	C:\WINDOWS\System32\RPCRT4.dll
0x00007ffa70ad0000 - 0x00007ffa70c64000 	C:\WINDOWS\System32\USER32.dll
0x00007ffa6f2f0000 - 0x00007ffa6f311000 	C:\WINDOWS\System32\win32u.dll
0x00007ffa70d40000 - 0x00007ffa70d66000 	C:\WINDOWS\System32\GDI32.dll
0x00007ffa70270000 - 0x00007ffa70404000 	C:\WINDOWS\System32\gdi32full.dll
0x00007ffa6fc90000 - 0x00007ffa6fd2e000 	C:\WINDOWS\System32\msvcp_win.dll
0x00007ffa5ffc0000 - 0x00007ffa60245000 	C:\WINDOWS\WinSxS\amd64_microsoft.windows.common-controls_6595b64144ccf1df_6.0.18362.535_none_e6c3b34713100821\COMCTL32.dll
0x00007ffa70de0000 - 0x00007ffa71116000 	C:\WINDOWS\System32\combase.dll
0x00007ffa6f320000 - 0x00007ffa6f3a0000 	C:\WINDOWS\System32\bcryptPrimitives.dll
0x00007ffa67c00000 - 0x00007ffa67c0a000 	C:\WINDOWS\SYSTEM32\VERSION.dll
0x00007ffa71380000 - 0x00007ffa713ae000 	C:\WINDOWS\System32\IMM32.DLL
0x00007ffa3d6f0000 - 0x00007ffa3d78b000 	C:\Program Files\Java\jdk-13.0.1\bin\msvcp140.dll
0x00007ffa49040000 - 0x00007ffa49ba6000 	C:\Program Files\Java\jdk-13.0.1\bin\server\jvm.dll
0x00007ffa705e0000 - 0x00007ffa705e8000 	C:\WINDOWS\System32\PSAPI.DLL
0x00007ffa59c00000 - 0x00007ffa59c09000 	C:\WINDOWS\SYSTEM32\WSOCK32.dll
0x00007ffa70d70000 - 0x00007ffa70ddf000 	C:\WINDOWS\System32\WS2_32.dll
0x00007ffa6ce20000 - 0x00007ffa6ce44000 	C:\WINDOWS\SYSTEM32\WINMM.dll
0x00007ffa6cdf0000 - 0x00007ffa6ce1d000 	C:\WINDOWS\SYSTEM32\WINMMBASE.dll
0x00007ffa6f3c0000 - 0x00007ffa6f40a000 	C:\WINDOWS\System32\cfgmgr32.dll
0x00007ffa6f260000 - 0x00007ffa6f271000 	C:\WINDOWS\System32\kernel.appcore.dll
0x00007ffa6a770000 - 0x00007ffa6a780000 	C:\Program Files\Java\jdk-13.0.1\bin\verify.dll
0x00007ffa5ad90000 - 0x00007ffa5af84000 	C:\WINDOWS\SYSTEM32\DBGHELP.DLL
0x00007ffa5ad60000 - 0x00007ffa5ad8a000 	C:\WINDOWS\SYSTEM32\dbgcore.DLL
0x00007ffa4f4a0000 - 0x00007ffa4f4c6000 	C:\Program Files\Java\jdk-13.0.1\bin\java.dll
0x00007ffa4a860000 - 0x00007ffa4a898000 	C:\Program Files\Java\jdk-13.0.1\bin\jdwp.dll
0x00007ffa5fa20000 - 0x00007ffa5fa2e000 	C:\Program Files\Java\jdk-13.0.1\bin\instrument.dll
0x00007ffa5f9d0000 - 0x00007ffa5f9e7000 	C:\Program Files\Java\jdk-13.0.1\bin\zip.dll
0x00007ffa69100000 - 0x00007ffa6910a000 	C:\Program Files\Java\jdk-13.0.1\bin\jimage.dll
0x00007ffa71b00000 - 0x00007ffa721e5000 	C:\WINDOWS\System32\SHELL32.dll
0x00007ffa70530000 - 0x00007ffa705d9000 	C:\WINDOWS\System32\shcore.dll
0x00007ffa6f410000 - 0x00007ffa6fb8f000 	C:\WINDOWS\System32\windows.storage.dll
0x00007ffa6f280000 - 0x00007ffa6f29f000 	C:\WINDOWS\System32\profapi.dll
0x00007ffa6f2a0000 - 0x00007ffa6f2ea000 	C:\WINDOWS\System32\powrprof.dll
0x00007ffa6f230000 - 0x00007ffa6f240000 	C:\WINDOWS\System32\UMPDC.dll
0x00007ffa712b0000 - 0x00007ffa71302000 	C:\WINDOWS\System32\shlwapi.dll
0x00007ffa6f3a0000 - 0x00007ffa6f3b7000 	C:\WINDOWS\System32\cryptsp.dll
0x00007ffa5b230000 - 0x00007ffa5b23b000 	C:\Program Files\Java\jdk-13.0.1\bin\dt_socket.dll
0x00007ffa6eaa0000 - 0x00007ffa6eb07000 	C:\WINDOWS\system32\mswsock.dll
0x00007ffa6e7f0000 - 0x00007ffa6e8ba000 	C:\WINDOWS\SYSTEM32\DNSAPI.dll
0x00007ffa705f0000 - 0x00007ffa705f8000 	C:\WINDOWS\System32\NSI.dll
0x00007ffa6e7b0000 - 0x00007ffa6e7ea000 	C:\WINDOWS\SYSTEM32\IPHLPAPI.DLL
0x00007ffa60b80000 - 0x00007ffa60b8a000 	C:\Windows\System32\rasadhlp.dll
0x00007ffa66d40000 - 0x00007ffa66db7000 	C:\WINDOWS\System32\fwpuclnt.dll
0x00007ffa6ffe0000 - 0x00007ffa70006000 	C:\WINDOWS\System32\bcrypt.dll
0x00007ffa5cad0000 - 0x00007ffa5cae9000 	C:\Program Files\Java\jdk-13.0.1\bin\net.dll
0x00007ffa61410000 - 0x00007ffa61500000 	C:\WINDOWS\SYSTEM32\WINHTTP.dll
0x00007ffa582c0000 - 0x00007ffa582d3000 	C:\Program Files\Java\jdk-13.0.1\bin\nio.dll
0x00007ffa47a50000 - 0x00007ffa47a75000 	C:\Program Files\Java\jdk-13.0.1\bin\sunec.dll
0x00007ffa6ad70000 - 0x00007ffa6ad7e000 	C:\Program Files\Java\jdk-13.0.1\bin\sunmscapi.dll
0x00007ffa700c0000 - 0x00007ffa70209000 	C:\WINDOWS\System32\CRYPT32.dll
0x00007ffa6f240000 - 0x00007ffa6f252000 	C:\WINDOWS\System32\MSASN1.dll
0x00007ffa6ed70000 - 0x00007ffa6ed96000 	C:\WINDOWS\SYSTEM32\ncrypt.dll
0x00007ffa6ed30000 - 0x00007ffa6ed6b000 	C:\WINDOWS\SYSTEM32\NTASN1.dll
0x00007ffa6e610000 - 0x00007ffa6e643000 	C:\WINDOWS\system32\rsaenh.dll
0x00007ffa6f120000 - 0x00007ffa6f145000 	C:\WINDOWS\SYSTEM32\USERENV.dll
0x00007ffa6ec70000 - 0x00007ffa6ec7c000 	C:\WINDOWS\SYSTEM32\CRYPTBASE.dll
0x00007ffa67290000 - 0x00007ffa672a6000 	C:\WINDOWS\SYSTEM32\dhcpcsvc6.DLL
0x00007ffa67200000 - 0x00007ffa6721c000 	C:\WINDOWS\SYSTEM32\dhcpcsvc.DLL

dbghelp: loaded successfully - version: 4.0.5 - missing functions: none
symbol engine: initialized successfully - sym options: 0x614 - pdb path: .;C:\Program Files\Java\jdk-13.0.1\bin;C:\WINDOWS\SYSTEM32;C:\WINDOWS\WinSxS\amd64_microsoft.windows.common-controls_6595b64144ccf1df_6.0.18362.535_none_e6c3b34713100821;C:\Program Files\Java\jdk-13.0.1\bin\server

VM Arguments:
jvm_args: -agentlib:jdwp=transport=dt_socket,suspend=y,address=localhost:62069 -javaagent:C:\Users\Admin\eclipse\java-2019-09\eclipse\configuration\org.eclipse.osgi\229\0\.cp\lib\javaagent-shaded.jar -Dfile.encoding=UTF-8 
java_command: wedDriver.Orange_Myinfo
java_class_path (initial): C:\Users\Admin\eclipse-workspace\Selenium\bin;C:\selenium-server-standalone-3.141.59.jar;C:\Selenium\libs\byte-buddy-1.8.15.jar;C:\Selenium\libs\commons-exec-1.3.jar;C:\Selenium\libs\guava-25.0-jre.jar;C:\Selenium\libs\okhttp-3.11.0.jar;C:\Selenium\libs\okio-1.14.0.jar;C:\Selenium\client-combined-3.141.59.jar;C:\Selenium\client-combined-3.141.59-sources.jar;C:\Users\Admin\.p2\pool\plugins\org.testng_7.0.0.r201908191551.jar;C:\Users\Admin\.p2\pool\plugins\com.beust.jcommander_1.72.0.jar;C:\Users\Admin\.p2\pool\plugins\org.apache-extras.beanshell.bsh_2.0.0.b6.jar;C:\Users\Admin\.p2\pool\plugins\org.yaml.snakeyaml_1.21.0.jar
Launcher Type: SUN_STANDARD

[Global flags]
     intx CICompilerCount                          = 3                                         {product} {ergonomic}
     uint ConcGCThreads                            = 1                                         {product} {ergonomic}
     uint G1ConcRefinementThreads                  = 4                                         {product} {ergonomic}
   size_t G1HeapRegionSize                         = 1048576                                   {product} {ergonomic}
    uintx GCDrainStackTargetSize                   = 64                                        {product} {ergonomic}
   size_t InitialHeapSize                          = 134217728                                 {product} {ergonomic}
   size_t MarkStackSize                            = 4194304                                   {product} {ergonomic}
   size_t MaxHeapSize                              = 2122317824                                {product} {ergonomic}
   size_t MaxNewSize                               = 1272971264                                {product} {ergonomic}
   size_t MinHeapDeltaBytes                        = 1048576                                   {product} {ergonomic}
   size_t MinHeapSize                              = 8388608                                   {product} {ergonomic}
    uintx NonNMethodCodeHeapSize                   = 5830732                                {pd product} {ergonomic}
    uintx NonProfiledCodeHeapSize                  = 122913754                              {pd product} {ergonomic}
    uintx ProfiledCodeHeapSize                     = 122913754                              {pd product} {ergonomic}
    uintx ReservedCodeCacheSize                    = 251658240                              {pd product} {ergonomic}
     bool SegmentedCodeCache                       = true                                      {product} {ergonomic}
   size_t SoftMaxHeapSize                          = 2122317824                             {manageable} {ergonomic}
     bool UseCompressedClassPointers               = true                                 {lp64_product} {ergonomic}
     bool UseCompressedOops                        = true                                 {lp64_product} {ergonomic}
     bool UseG1GC                                  = true                                      {product} {ergonomic}
     bool UseLargePagesIndividualAllocation        = false                                  {pd product} {ergonomic}

Logging:
Log output configuration:
 #0: stdout all=warning uptime,level,tags
 #1: stderr all=off uptime,level,tags

Environment Variables:
PATH=C:/Program Files/Java/jdk-13.0.1/bin/server;C:/Program Files/Java/jdk-13.0.1/bin;C:\WINDOWS\system32;C:\WINDOWS;C:\WINDOWS\System32\Wbem;C:\WINDOWS\System32\WindowsPowerShell\v1.0\;C:\WINDOWS\System32\OpenSSH\;C:\Program Files\Java\jdk-13.0.1\bin;C:\webdriver;C:\webdriver\apache-maven-3.6.3\bin;C:\Users\Admin\AppData\Local\Microsoft\WindowsApps;;C:\Users\Admin\Desktop;
USERNAME=Admin
OS=Windows_NT
PROCESSOR_IDENTIFIER=Intel64 Family 6 Model 142 Stepping 9, GenuineIntel



---------------  S Y S T E M  ---------------

OS: Windows 10 , 64 bit Build 18362 (10.0.18362.329)

CPU:total 4 (initial active 4) (2 cores per cpu, 2 threads per core) family 6 model 142 stepping 9, cmov, cx8, fxsr, mmx, sse, sse2, sse3, ssse3, sse4.1, sse4.2, popcnt, avx, avx2, aes, clmul, erms, 3dnowpref, lzcnt, ht, tsc, tscinvbit, bmi1, bmi2, adx, fma

Memory: 4k page, system-wide physical 8092M (2698M free)
TotalPageFile size 9948M (AvailPageFile size 2825M)
current process WorkingSet (physical memory assigned to process): 75M, peak: 79M
current process commit charge ("private bytes"): 220M, peak: 223M

vm_info: Java HotSpot(TM) 64-Bit Server VM (13.0.1+9) for windows-amd64 JRE (13.0.1+9), built on Oct  6 2019 12:37:49 by "mach5one" with unknown MS VC++:1916

END.
